{"C:\\Users\\20101\\OneDrive\\Desktop\\Dietly\\server\\src\\controllers\\mealPlanController.js": {"path":"C:\\Users\\20101\\OneDrive\\Desktop\\Dietly\\server\\src\\controllers\\mealPlanController.js","statementMap":{"0":{"start":{"line":1,"column":17},"end":{"line":1,"column":46}},"1":{"start":{"line":2,"column":13},"end":{"line":2,"column":38}},"2":{"start":{"line":3,"column":13},"end":{"line":3,"column":38}},"3":{"start":{"line":4,"column":25},"end":{"line":4,"column":64}},"4":{"start":{"line":5,"column":29},"end":{"line":5,"column":72}},"5":{"start":{"line":6,"column":35},"end":{"line":6,"column":70}},"6":{"start":{"line":8,"column":33},"end":{"line":17,"column":1}},"7":{"start":{"line":19,"column":30},"end":{"line":24,"column":1}},"8":{"start":{"line":20,"column":2},"end":{"line":23,"column":4}},"9":{"start":{"line":21,"column":19},"end":{"line":21,"column":37}},"10":{"start":{"line":26,"column":27},"end":{"line":26,"column":28}},"11":{"start":{"line":27,"column":26},"end":{"line":27,"column":27}},"12":{"start":{"line":28,"column":26},"end":{"line":28,"column":28}},"13":{"start":{"line":30,"column":26},"end":{"line":53,"column":1}},"14":{"start":{"line":36,"column":2},"end":{"line":41,"column":3}},"15":{"start":{"line":37,"column":4},"end":{"line":39,"column":5}},"16":{"start":{"line":38,"column":6},"end":{"line":38,"column":16}},"17":{"start":{"line":40,"column":4},"end":{"line":40,"column":76}},"18":{"start":{"line":43,"column":2},"end":{"line":47,"column":3}},"19":{"start":{"line":44,"column":4},"end":{"line":46,"column":6}},"20":{"start":{"line":49,"column":23},"end":{"line":51,"column":18}},"21":{"start":{"line":52,"column":2},"end":{"line":52,"column":69}},"22":{"start":{"line":55,"column":32},"end":{"line":116,"column":1}},"23":{"start":{"line":56,"column":2},"end":{"line":58,"column":3}},"24":{"start":{"line":57,"column":4},"end":{"line":57,"column":13}},"25":{"start":{"line":61,"column":4},"end":{"line":61,"column":61}},"26":{"start":{"line":62,"column":2},"end":{"line":66,"column":4}},"27":{"start":{"line":68,"column":26},"end":{"line":68,"column":28}},"28":{"start":{"line":69,"column":23},"end":{"line":82,"column":3}},"29":{"start":{"line":70,"column":4},"end":{"line":81,"column":5}},"30":{"start":{"line":72,"column":8},"end":{"line":74,"column":22}},"31":{"start":{"line":75,"column":6},"end":{"line":80,"column":7}},"32":{"start":{"line":76,"column":8},"end":{"line":79,"column":11}},"33":{"start":{"line":84,"column":2},"end":{"line":84,"column":37}},"34":{"start":{"line":85,"column":2},"end":{"line":85,"column":33}},"35":{"start":{"line":86,"column":2},"end":{"line":86,"column":34}},"36":{"start":{"line":87,"column":2},"end":{"line":87,"column":68}},"37":{"start":{"line":87,"column":47},"end":{"line":87,"column":66}},"38":{"start":{"line":89,"column":2},"end":{"line":93,"column":3}},"39":{"start":{"line":90,"column":4},"end":{"line":90,"column":44}},"40":{"start":{"line":91,"column":4},"end":{"line":91,"column":48}},"41":{"start":{"line":92,"column":4},"end":{"line":92,"column":13}},"42":{"start":{"line":95,"column":24},"end":{"line":97,"column":3}},"43":{"start":{"line":96,"column":46},"end":{"line":96,"column":56}},"44":{"start":{"line":98,"column":19},"end":{"line":100,"column":3}},"45":{"start":{"line":101,"column":27},"end":{"line":105,"column":15}},"46":{"start":{"line":102,"column":21},"end":{"line":102,"column":50}},"47":{"start":{"line":103,"column":4},"end":{"line":103,"column":43}},"48":{"start":{"line":104,"column":4},"end":{"line":104,"column":15}},"49":{"start":{"line":107,"column":24},"end":{"line":110,"column":7}},"50":{"start":{"line":108,"column":31},"end":{"line":108,"column":68}},"51":{"start":{"line":109,"column":4},"end":{"line":109,"column":60}},"52":{"start":{"line":112,"column":2},"end":{"line":112,"column":66}},"53":{"start":{"line":113,"column":2},"end":{"line":113,"column":46}},"54":{"start":{"line":115,"column":2},"end":{"line":115,"column":45}},"55":{"start":{"line":121,"column":0},"end":{"line":466,"column":2}},"56":{"start":{"line":122,"column":2},"end":{"line":465,"column":3}},"57":{"start":{"line":123,"column":56},"end":{"line":123,"column":64}},"58":{"start":{"line":124,"column":17},"end":{"line":124,"column":49}},"59":{"start":{"line":126,"column":4},"end":{"line":131,"column":5}},"60":{"start":{"line":127,"column":6},"end":{"line":130,"column":9}},"61":{"start":{"line":133,"column":31},"end":{"line":136,"column":6}},"62":{"start":{"line":138,"column":4},"end":{"line":144,"column":5}},"63":{"start":{"line":139,"column":6},"end":{"line":143,"column":9}},"64":{"start":{"line":146,"column":31},"end":{"line":149,"column":5}},"65":{"start":{"line":151,"column":27},"end":{"line":151,"column":58}},"66":{"start":{"line":152,"column":18},"end":{"line":152,"column":62}},"67":{"start":{"line":153,"column":4},"end":{"line":153,"column":31}},"68":{"start":{"line":154,"column":16},"end":{"line":154,"column":31}},"69":{"start":{"line":155,"column":4},"end":{"line":155,"column":56}},"70":{"start":{"line":158,"column":6},"end":{"line":158,"column":63}},"71":{"start":{"line":160,"column":4},"end":{"line":160,"column":50}},"72":{"start":{"line":161,"column":4},"end":{"line":161,"column":38}},"73":{"start":{"line":162,"column":4},"end":{"line":162,"column":52}},"74":{"start":{"line":163,"column":4},"end":{"line":163,"column":49}},"75":{"start":{"line":166,"column":6},"end":{"line":187,"column":8}},"76":{"start":{"line":189,"column":4},"end":{"line":205,"column":5}},"77":{"start":{"line":194,"column":6},"end":{"line":196,"column":8}},"78":{"start":{"line":197,"column":6},"end":{"line":204,"column":8}},"79":{"start":{"line":207,"column":28},"end":{"line":212,"column":5}},"80":{"start":{"line":214,"column":18},"end":{"line":214,"column":51}},"81":{"start":{"line":215,"column":30},"end":{"line":215,"column":32}},"82":{"start":{"line":216,"column":17},"end":{"line":216,"column":19}},"83":{"start":{"line":217,"column":31},"end":{"line":217,"column":50}},"84":{"start":{"line":219,"column":33},"end":{"line":237,"column":5}},"85":{"start":{"line":220,"column":6},"end":{"line":222,"column":7}},"86":{"start":{"line":221,"column":8},"end":{"line":221,"column":18}},"87":{"start":{"line":224,"column":25},"end":{"line":224,"column":79}},"88":{"start":{"line":225,"column":25},"end":{"line":225,"column":27}},"89":{"start":{"line":227,"column":6},"end":{"line":234,"column":7}},"90":{"start":{"line":227,"column":19},"end":{"line":227,"column":20}},"91":{"start":{"line":228,"column":23},"end":{"line":228,"column":78}},"92":{"start":{"line":229,"column":8},"end":{"line":233,"column":11}},"93":{"start":{"line":236,"column":6},"end":{"line":236,"column":24}},"94":{"start":{"line":239,"column":25},"end":{"line":239,"column":26}},"95":{"start":{"line":241,"column":4},"end":{"line":420,"column":5}},"96":{"start":{"line":241,"column":25},"end":{"line":241,"column":26}},"97":{"start":{"line":242,"column":31},"end":{"line":247,"column":7}},"98":{"start":{"line":248,"column":27},"end":{"line":253,"column":7}},"99":{"start":{"line":255,"column":8},"end":{"line":255,"column":58}},"100":{"start":{"line":256,"column":28},"end":{"line":261,"column":7}},"101":{"start":{"line":262,"column":27},"end":{"line":267,"column":7}},"102":{"start":{"line":269,"column":6},"end":{"line":275,"column":9}},"103":{"start":{"line":271,"column":57},"end":{"line":271,"column":65}},"104":{"start":{"line":272,"column":49},"end":{"line":272,"column":57}},"105":{"start":{"line":273,"column":51},"end":{"line":273,"column":59}},"106":{"start":{"line":274,"column":49},"end":{"line":274,"column":57}},"107":{"start":{"line":277,"column":6},"end":{"line":419,"column":7}},"108":{"start":{"line":278,"column":24},"end":{"line":278,"column":25}},"109":{"start":{"line":282,"column":30},"end":{"line":282,"column":60}},"110":{"start":{"line":283,"column":21},"end":{"line":285,"column":9}},"111":{"start":{"line":288,"column":10},"end":{"line":288,"column":67}},"112":{"start":{"line":289,"column":22},"end":{"line":289,"column":71}},"113":{"start":{"line":290,"column":23},"end":{"line":290,"column":74}},"114":{"start":{"line":291,"column":23},"end":{"line":291,"column":72}},"115":{"start":{"line":294,"column":33},"end":{"line":294,"column":66}},"116":{"start":{"line":295,"column":29},"end":{"line":295,"column":62}},"117":{"start":{"line":296,"column":30},"end":{"line":296,"column":63}},"118":{"start":{"line":297,"column":30},"end":{"line":297,"column":63}},"119":{"start":{"line":299,"column":22},"end":{"line":302,"column":9}},"120":{"start":{"line":303,"column":22},"end":{"line":303,"column":79}},"121":{"start":{"line":304,"column":22},"end":{"line":307,"column":9}},"122":{"start":{"line":309,"column":20},"end":{"line":309,"column":69}},"123":{"start":{"line":310,"column":20},"end":{"line":310,"column":65}},"124":{"start":{"line":311,"column":20},"end":{"line":311,"column":66}},"125":{"start":{"line":314,"column":30},"end":{"line":314,"column":41}},"126":{"start":{"line":315,"column":33},"end":{"line":316,"column":70}},"127":{"start":{"line":316,"column":10},"end":{"line":316,"column":70}},"128":{"start":{"line":316,"column":35},"end":{"line":316,"column":69}},"129":{"start":{"line":317,"column":25},"end":{"line":321,"column":13}},"130":{"start":{"line":318,"column":22},"end":{"line":318,"column":46}},"131":{"start":{"line":319,"column":23},"end":{"line":319,"column":79}},"132":{"start":{"line":320,"column":10},"end":{"line":320,"column":48}},"133":{"start":{"line":323,"column":32},"end":{"line":325,"column":9}},"134":{"start":{"line":324,"column":20},"end":{"line":324,"column":79}},"135":{"start":{"line":326,"column":25},"end":{"line":326,"column":43}},"136":{"start":{"line":327,"column":8},"end":{"line":341,"column":9}},"137":{"start":{"line":328,"column":10},"end":{"line":340,"column":11}},"138":{"start":{"line":329,"column":12},"end":{"line":333,"column":15}},"139":{"start":{"line":334,"column":12},"end":{"line":337,"column":14}},"140":{"start":{"line":339,"column":12},"end":{"line":339,"column":18}},"141":{"start":{"line":343,"column":26},"end":{"line":343,"column":74}},"142":{"start":{"line":344,"column":29},"end":{"line":352,"column":15}},"143":{"start":{"line":345,"column":10},"end":{"line":352,"column":15}},"144":{"start":{"line":349,"column":24},"end":{"line":349,"column":48}},"145":{"start":{"line":350,"column":22},"end":{"line":350,"column":78}},"146":{"start":{"line":351,"column":12},"end":{"line":351,"column":47}},"147":{"start":{"line":353,"column":23},"end":{"line":353,"column":37}},"148":{"start":{"line":354,"column":20},"end":{"line":354,"column":21}},"149":{"start":{"line":355,"column":8},"end":{"line":369,"column":9}},"150":{"start":{"line":356,"column":10},"end":{"line":366,"column":11}},"151":{"start":{"line":357,"column":12},"end":{"line":357,"column":23}},"152":{"start":{"line":358,"column":17},"end":{"line":366,"column":11}},"153":{"start":{"line":359,"column":12},"end":{"line":359,"column":23}},"154":{"start":{"line":360,"column":17},"end":{"line":366,"column":11}},"155":{"start":{"line":361,"column":12},"end":{"line":361,"column":23}},"156":{"start":{"line":362,"column":17},"end":{"line":366,"column":11}},"157":{"start":{"line":363,"column":12},"end":{"line":363,"column":34}},"158":{"start":{"line":365,"column":12},"end":{"line":365,"column":18}},"159":{"start":{"line":367,"column":10},"end":{"line":367,"column":36}},"160":{"start":{"line":368,"column":10},"end":{"line":368,"column":18}},"161":{"start":{"line":370,"column":8},"end":{"line":370,"column":18}},"162":{"start":{"line":371,"column":8},"end":{"line":389,"column":9}},"163":{"start":{"line":372,"column":10},"end":{"line":386,"column":11}},"164":{"start":{"line":373,"column":12},"end":{"line":377,"column":15}},"165":{"start":{"line":378,"column":17},"end":{"line":386,"column":11}},"166":{"start":{"line":379,"column":12},"end":{"line":379,"column":23}},"167":{"start":{"line":380,"column":17},"end":{"line":386,"column":11}},"168":{"start":{"line":381,"column":12},"end":{"line":381,"column":23}},"169":{"start":{"line":382,"column":17},"end":{"line":386,"column":11}},"170":{"start":{"line":383,"column":12},"end":{"line":383,"column":23}},"171":{"start":{"line":385,"column":12},"end":{"line":385,"column":18}},"172":{"start":{"line":387,"column":10},"end":{"line":387,"column":36}},"173":{"start":{"line":388,"column":10},"end":{"line":388,"column":18}},"174":{"start":{"line":391,"column":8},"end":{"line":416,"column":11}},"175":{"start":{"line":418,"column":8},"end":{"line":418,"column":25}},"176":{"start":{"line":422,"column":23},"end":{"line":425,"column":5}},"177":{"start":{"line":423,"column":20},"end":{"line":423,"column":53}},"178":{"start":{"line":427,"column":21},"end":{"line":448,"column":6}},"179":{"start":{"line":450,"column":26},"end":{"line":452,"column":5}},"180":{"start":{"line":454,"column":4},"end":{"line":457,"column":7}},"181":{"start":{"line":459,"column":4},"end":{"line":459,"column":54}},"182":{"start":{"line":460,"column":4},"end":{"line":464,"column":7}},"183":{"start":{"line":471,"column":0},"end":{"line":511,"column":2}},"184":{"start":{"line":472,"column":2},"end":{"line":510,"column":3}},"185":{"start":{"line":473,"column":45},"end":{"line":473,"column":54}},"186":{"start":{"line":475,"column":18},"end":{"line":475,"column":39}},"187":{"start":{"line":476,"column":4},"end":{"line":478,"column":5}},"188":{"start":{"line":477,"column":6},"end":{"line":477,"column":28}},"189":{"start":{"line":480,"column":20},"end":{"line":480,"column":34}},"190":{"start":{"line":481,"column":21},"end":{"line":481,"column":36}},"191":{"start":{"line":482,"column":17},"end":{"line":482,"column":41}},"192":{"start":{"line":484,"column":27},"end":{"line":487,"column":22}},"193":{"start":{"line":489,"column":22},"end":{"line":489,"column":65}},"194":{"start":{"line":491,"column":18},"end":{"line":491,"column":54}},"195":{"start":{"line":493,"column":4},"end":{"line":502,"column":7}},"196":{"start":{"line":504,"column":4},"end":{"line":504,"column":50}},"197":{"start":{"line":505,"column":4},"end":{"line":509,"column":7}},"198":{"start":{"line":516,"column":0},"end":{"line":551,"column":2}},"199":{"start":{"line":517,"column":2},"end":{"line":550,"column":3}},"200":{"start":{"line":518,"column":26},"end":{"line":521,"column":6}},"201":{"start":{"line":523,"column":21},"end":{"line":523,"column":63}},"202":{"start":{"line":525,"column":4},"end":{"line":530,"column":5}},"203":{"start":{"line":526,"column":6},"end":{"line":529,"column":9}},"204":{"start":{"line":539,"column":4},"end":{"line":542,"column":7}},"205":{"start":{"line":544,"column":4},"end":{"line":544,"column":49}},"206":{"start":{"line":545,"column":4},"end":{"line":549,"column":7}},"207":{"start":{"line":556,"column":0},"end":{"line":596,"column":2}},"208":{"start":{"line":557,"column":2},"end":{"line":595,"column":3}},"209":{"start":{"line":558,"column":19},"end":{"line":561,"column":6}},"210":{"start":{"line":563,"column":4},"end":{"line":568,"column":5}},"211":{"start":{"line":564,"column":6},"end":{"line":567,"column":9}},"212":{"start":{"line":571,"column":35},"end":{"line":571,"column":43}},"213":{"start":{"line":573,"column":4},"end":{"line":573,"column":41}},"214":{"start":{"line":573,"column":16},"end":{"line":573,"column":41}},"215":{"start":{"line":574,"column":4},"end":{"line":574,"column":35}},"216":{"start":{"line":574,"column":14},"end":{"line":574,"column":35}},"217":{"start":{"line":575,"column":4},"end":{"line":575,"column":35}},"218":{"start":{"line":575,"column":14},"end":{"line":575,"column":35}},"219":{"start":{"line":577,"column":4},"end":{"line":577,"column":36}},"220":{"start":{"line":578,"column":4},"end":{"line":578,"column":26}},"221":{"start":{"line":580,"column":24},"end":{"line":582,"column":5}},"222":{"start":{"line":584,"column":4},"end":{"line":587,"column":7}},"223":{"start":{"line":589,"column":4},"end":{"line":589,"column":52}},"224":{"start":{"line":590,"column":4},"end":{"line":594,"column":7}},"225":{"start":{"line":601,"column":0},"end":{"line":730,"column":2}},"226":{"start":{"line":602,"column":2},"end":{"line":729,"column":3}},"227":{"start":{"line":603,"column":70},"end":{"line":603,"column":78}},"228":{"start":{"line":605,"column":21},"end":{"line":608,"column":6}},"229":{"start":{"line":610,"column":4},"end":{"line":615,"column":5}},"230":{"start":{"line":611,"column":6},"end":{"line":614,"column":9}},"231":{"start":{"line":617,"column":14},"end":{"line":617,"column":18}},"232":{"start":{"line":618,"column":4},"end":{"line":647,"column":5}},"233":{"start":{"line":619,"column":18},"end":{"line":619,"column":40}},"234":{"start":{"line":620,"column":6},"end":{"line":625,"column":7}},"235":{"start":{"line":621,"column":8},"end":{"line":624,"column":11}},"236":{"start":{"line":626,"column":6},"end":{"line":626,"column":31}},"237":{"start":{"line":627,"column":11},"end":{"line":647,"column":5}},"238":{"start":{"line":628,"column":28},"end":{"line":628,"column":42}},"239":{"start":{"line":629,"column":6},"end":{"line":629,"column":41}},"240":{"start":{"line":630,"column":6},"end":{"line":635,"column":19}},"241":{"start":{"line":632,"column":24},"end":{"line":632,"column":40}},"242":{"start":{"line":633,"column":10},"end":{"line":633,"column":37}},"243":{"start":{"line":634,"column":10},"end":{"line":634,"column":61}},"244":{"start":{"line":636,"column":6},"end":{"line":641,"column":7}},"245":{"start":{"line":637,"column":8},"end":{"line":640,"column":11}},"246":{"start":{"line":643,"column":6},"end":{"line":646,"column":9}},"247":{"start":{"line":649,"column":4},"end":{"line":670,"column":5}},"248":{"start":{"line":650,"column":6},"end":{"line":659,"column":7}},"249":{"start":{"line":655,"column":8},"end":{"line":658,"column":11}},"250":{"start":{"line":660,"column":6},"end":{"line":660,"column":55}},"251":{"start":{"line":661,"column":6},"end":{"line":661,"column":77}},"252":{"start":{"line":662,"column":11},"end":{"line":670,"column":5}},"253":{"start":{"line":663,"column":6},"end":{"line":663,"column":46}},"254":{"start":{"line":664,"column":6},"end":{"line":664,"column":68}},"255":{"start":{"line":666,"column":6},"end":{"line":669,"column":9}},"256":{"start":{"line":673,"column":24},"end":{"line":673,"column":25}},"257":{"start":{"line":674,"column":4},"end":{"line":681,"column":7}},"258":{"start":{"line":675,"column":6},"end":{"line":675,"column":54}},"259":{"start":{"line":675,"column":38},"end":{"line":675,"column":54}},"260":{"start":{"line":676,"column":6},"end":{"line":676,"column":50}},"261":{"start":{"line":676,"column":34},"end":{"line":676,"column":50}},"262":{"start":{"line":677,"column":6},"end":{"line":677,"column":51}},"263":{"start":{"line":677,"column":35},"end":{"line":677,"column":51}},"264":{"start":{"line":678,"column":6},"end":{"line":680,"column":9}},"265":{"start":{"line":679,"column":8},"end":{"line":679,"column":44}},"266":{"start":{"line":679,"column":28},"end":{"line":679,"column":44}},"267":{"start":{"line":683,"column":4},"end":{"line":683,"column":53}},"268":{"start":{"line":684,"column":4},"end":{"line":687,"column":12}},"269":{"start":{"line":690,"column":6},"end":{"line":693,"column":7}},"270":{"start":{"line":695,"column":29},"end":{"line":695,"column":78}},"271":{"start":{"line":696,"column":28},"end":{"line":696,"column":79}},"272":{"start":{"line":698,"column":4},"end":{"line":709,"column":6}},"273":{"start":{"line":711,"column":4},"end":{"line":711,"column":36}},"274":{"start":{"line":712,"column":4},"end":{"line":712,"column":26}},"275":{"start":{"line":714,"column":24},"end":{"line":716,"column":5}},"276":{"start":{"line":718,"column":4},"end":{"line":721,"column":7}},"277":{"start":{"line":723,"column":4},"end":{"line":723,"column":54}},"278":{"start":{"line":724,"column":4},"end":{"line":728,"column":7}},"279":{"start":{"line":735,"column":0},"end":{"line":783,"column":2}},"280":{"start":{"line":736,"column":2},"end":{"line":782,"column":3}},"281":{"start":{"line":737,"column":21},"end":{"line":740,"column":6}},"282":{"start":{"line":742,"column":4},"end":{"line":747,"column":5}},"283":{"start":{"line":743,"column":6},"end":{"line":746,"column":9}},"284":{"start":{"line":749,"column":4},"end":{"line":754,"column":5}},"285":{"start":{"line":750,"column":6},"end":{"line":753,"column":9}},"286":{"start":{"line":756,"column":26},"end":{"line":756,"column":36}},"287":{"start":{"line":757,"column":21},"end":{"line":757,"column":44}},"288":{"start":{"line":758,"column":4},"end":{"line":758,"column":34}},"289":{"start":{"line":760,"column":4},"end":{"line":760,"column":34}},"290":{"start":{"line":761,"column":4},"end":{"line":761,"column":39}},"291":{"start":{"line":762,"column":4},"end":{"line":762,"column":32}},"292":{"start":{"line":763,"column":4},"end":{"line":763,"column":39}},"293":{"start":{"line":765,"column":4},"end":{"line":765,"column":26}},"294":{"start":{"line":767,"column":26},"end":{"line":769,"column":5}},"295":{"start":{"line":771,"column":4},"end":{"line":774,"column":7}},"296":{"start":{"line":776,"column":4},"end":{"line":776,"column":50}},"297":{"start":{"line":777,"column":4},"end":{"line":781,"column":7}},"298":{"start":{"line":788,"column":0},"end":{"line":891,"column":2}},"299":{"start":{"line":789,"column":2},"end":{"line":890,"column":3}},"300":{"start":{"line":790,"column":31},"end":{"line":790,"column":40}},"301":{"start":{"line":791,"column":26},"end":{"line":794,"column":6}},"302":{"start":{"line":796,"column":21},"end":{"line":796,"column":63}},"303":{"start":{"line":798,"column":4},"end":{"line":803,"column":5}},"304":{"start":{"line":799,"column":6},"end":{"line":802,"column":9}},"305":{"start":{"line":805,"column":20},"end":{"line":805,"column":24}},"306":{"start":{"line":807,"column":4},"end":{"line":841,"column":5}},"307":{"start":{"line":808,"column":20},"end":{"line":808,"column":42}},"308":{"start":{"line":809,"column":6},"end":{"line":814,"column":7}},"309":{"start":{"line":810,"column":8},"end":{"line":813,"column":11}},"310":{"start":{"line":815,"column":6},"end":{"line":815,"column":39}},"311":{"start":{"line":816,"column":11},"end":{"line":841,"column":5}},"312":{"start":{"line":817,"column":28},"end":{"line":817,"column":42}},"313":{"start":{"line":818,"column":6},"end":{"line":818,"column":41}},"314":{"start":{"line":819,"column":6},"end":{"line":824,"column":19}},"315":{"start":{"line":821,"column":26},"end":{"line":821,"column":44}},"316":{"start":{"line":822,"column":10},"end":{"line":822,"column":39}},"317":{"start":{"line":823,"column":10},"end":{"line":823,"column":63}},"318":{"start":{"line":826,"column":6},"end":{"line":831,"column":7}},"319":{"start":{"line":827,"column":8},"end":{"line":830,"column":11}},"320":{"start":{"line":833,"column":20},"end":{"line":833,"column":30}},"321":{"start":{"line":834,"column":6},"end":{"line":834,"column":33}},"322":{"start":{"line":835,"column":6},"end":{"line":840,"column":31}},"323":{"start":{"line":837,"column":26},"end":{"line":837,"column":44}},"324":{"start":{"line":838,"column":10},"end":{"line":838,"column":39}},"325":{"start":{"line":839,"column":10},"end":{"line":839,"column":55}},"326":{"start":{"line":843,"column":4},"end":{"line":848,"column":5}},"327":{"start":{"line":844,"column":6},"end":{"line":847,"column":9}},"328":{"start":{"line":851,"column":6},"end":{"line":854,"column":7}},"329":{"start":{"line":856,"column":4},"end":{"line":856,"column":60}},"330":{"start":{"line":859,"column":6},"end":{"line":859,"column":63}},"331":{"start":{"line":860,"column":26},"end":{"line":860,"column":73}},"332":{"start":{"line":862,"column":4},"end":{"line":870,"column":6}},"333":{"start":{"line":872,"column":4},"end":{"line":882,"column":7}},"334":{"start":{"line":884,"column":4},"end":{"line":884,"column":57}},"335":{"start":{"line":885,"column":4},"end":{"line":889,"column":7}},"336":{"start":{"line":896,"column":0},"end":{"line":929,"column":2}},"337":{"start":{"line":897,"column":2},"end":{"line":928,"column":3}},"338":{"start":{"line":898,"column":18},"end":{"line":898,"column":28}},"339":{"start":{"line":899,"column":4},"end":{"line":899,"column":31}},"340":{"start":{"line":901,"column":26},"end":{"line":906,"column":6}},"341":{"start":{"line":908,"column":21},"end":{"line":908,"column":63}},"342":{"start":{"line":910,"column":4},"end":{"line":915,"column":5}},"343":{"start":{"line":911,"column":6},"end":{"line":914,"column":9}},"344":{"start":{"line":917,"column":4},"end":{"line":920,"column":7}},"345":{"start":{"line":922,"column":4},"end":{"line":922,"column":57}},"346":{"start":{"line":923,"column":4},"end":{"line":927,"column":7}},"347":{"start":{"line":934,"column":0},"end":{"line":1007,"column":2}},"348":{"start":{"line":935,"column":2},"end":{"line":1006,"column":3}},"349":{"start":{"line":936,"column":26},"end":{"line":939,"column":6}},"350":{"start":{"line":941,"column":21},"end":{"line":941,"column":63}},"351":{"start":{"line":943,"column":4},"end":{"line":948,"column":5}},"352":{"start":{"line":944,"column":6},"end":{"line":947,"column":9}},"353":{"start":{"line":951,"column":27},"end":{"line":985,"column":6}},"354":{"start":{"line":952,"column":21},"end":{"line":960,"column":7}},"355":{"start":{"line":963,"column":23},"end":{"line":974,"column":35}},"356":{"start":{"line":970,"column":44},"end":{"line":973,"column":9}},"357":{"start":{"line":974,"column":25},"end":{"line":974,"column":34}},"358":{"start":{"line":977,"column":27},"end":{"line":977,"column":77}},"359":{"start":{"line":978,"column":6},"end":{"line":978,"column":30}},"360":{"start":{"line":980,"column":6},"end":{"line":984,"column":8}},"361":{"start":{"line":988,"column":21},"end":{"line":988,"column":79}},"362":{"start":{"line":990,"column":4},"end":{"line":997,"column":7}},"363":{"start":{"line":999,"column":4},"end":{"line":999,"column":59}},"364":{"start":{"line":1000,"column":4},"end":{"line":1005,"column":6}},"365":{"start":{"line":1012,"column":0},"end":{"line":1208,"column":2}},"366":{"start":{"line":1013,"column":2},"end":{"line":1207,"column":3}},"367":{"start":{"line":1014,"column":65},"end":{"line":1014,"column":73}},"368":{"start":{"line":1015,"column":17},"end":{"line":1015,"column":49}},"369":{"start":{"line":1017,"column":4},"end":{"line":1019,"column":5}},"370":{"start":{"line":1018,"column":6},"end":{"line":1018,"column":51}},"371":{"start":{"line":1021,"column":4},"end":{"line":1027,"column":5}},"372":{"start":{"line":1022,"column":6},"end":{"line":1026,"column":8}},"373":{"start":{"line":1029,"column":18},"end":{"line":1029,"column":37}},"374":{"start":{"line":1030,"column":4},"end":{"line":1030,"column":31}},"375":{"start":{"line":1032,"column":38},"end":{"line":1051,"column":5}},"376":{"start":{"line":1053,"column":4},"end":{"line":1059,"column":5}},"377":{"start":{"line":1054,"column":6},"end":{"line":1058,"column":8}},"378":{"start":{"line":1061,"column":31},"end":{"line":1084,"column":5}},"379":{"start":{"line":1062,"column":6},"end":{"line":1064,"column":7}},"380":{"start":{"line":1063,"column":8},"end":{"line":1063,"column":70}},"381":{"start":{"line":1066,"column":6},"end":{"line":1072,"column":7}},"382":{"start":{"line":1067,"column":8},"end":{"line":1071,"column":10}},"383":{"start":{"line":1074,"column":6},"end":{"line":1076,"column":7}},"384":{"start":{"line":1075,"column":8},"end":{"line":1075,"column":68}},"385":{"start":{"line":1078,"column":6},"end":{"line":1083,"column":8}},"386":{"start":{"line":1087,"column":4},"end":{"line":1123,"column":5}},"387":{"start":{"line":1088,"column":6},"end":{"line":1120,"column":9}},"388":{"start":{"line":1089,"column":8},"end":{"line":1091,"column":9}},"389":{"start":{"line":1090,"column":10},"end":{"line":1090,"column":63}},"390":{"start":{"line":1093,"column":21},"end":{"line":1095,"column":67}},"391":{"start":{"line":1097,"column":8},"end":{"line":1099,"column":9}},"392":{"start":{"line":1098,"column":10},"end":{"line":1098,"column":66}},"393":{"start":{"line":1101,"column":23},"end":{"line":1103,"column":14}},"394":{"start":{"line":1102,"column":44},"end":{"line":1102,"column":78}},"395":{"start":{"line":1105,"column":8},"end":{"line":1119,"column":10}},"396":{"start":{"line":1122,"column":6},"end":{"line":1122,"column":61}},"397":{"start":{"line":1125,"column":25},"end":{"line":1125,"column":46}},"398":{"start":{"line":1126,"column":16},"end":{"line":1126,"column":31}},"399":{"start":{"line":1127,"column":4},"end":{"line":1127,"column":50}},"400":{"start":{"line":1130,"column":21},"end":{"line":1130,"column":22}},"401":{"start":{"line":1131,"column":4},"end":{"line":1134,"column":7}},"402":{"start":{"line":1132,"column":6},"end":{"line":1132,"column":22}},"403":{"start":{"line":1133,"column":6},"end":{"line":1133,"column":44}},"404":{"start":{"line":1136,"column":31},"end":{"line":1155,"column":5}},"405":{"start":{"line":1137,"column":21},"end":{"line":1137,"column":23}},"406":{"start":{"line":1138,"column":6},"end":{"line":1153,"column":9}},"407":{"start":{"line":1139,"column":8},"end":{"line":1139,"column":39}},"408":{"start":{"line":1139,"column":32},"end":{"line":1139,"column":39}},"409":{"start":{"line":1141,"column":8},"end":{"line":1152,"column":9}},"410":{"start":{"line":1142,"column":10},"end":{"line":1146,"column":13}},"411":{"start":{"line":1143,"column":12},"end":{"line":1145,"column":13}},"412":{"start":{"line":1144,"column":14},"end":{"line":1144,"column":49}},"413":{"start":{"line":1148,"column":24},"end":{"line":1148,"column":43}},"414":{"start":{"line":1149,"column":10},"end":{"line":1151,"column":11}},"415":{"start":{"line":1150,"column":12},"end":{"line":1150,"column":47}},"416":{"start":{"line":1154,"column":6},"end":{"line":1154,"column":49}},"417":{"start":{"line":1157,"column":23},"end":{"line":1157,"column":50}},"418":{"start":{"line":1158,"column":30},"end":{"line":1158,"column":32}},"419":{"start":{"line":1159,"column":4},"end":{"line":1168,"column":5}},"420":{"start":{"line":1159,"column":25},"end":{"line":1159,"column":26}},"421":{"start":{"line":1160,"column":23},"end":{"line":1160,"column":77}},"422":{"start":{"line":1161,"column":6},"end":{"line":1167,"column":9}},"423":{"start":{"line":1170,"column":21},"end":{"line":1192,"column":6}},"424":{"start":{"line":1194,"column":26},"end":{"line":1196,"column":5}},"425":{"start":{"line":1198,"column":4},"end":{"line":1198,"column":48}},"426":{"start":{"line":1200,"column":4},"end":{"line":1200,"column":52}},"427":{"start":{"line":1201,"column":4},"end":{"line":1206,"column":6}},"428":{"start":{"line":1213,"column":0},"end":{"line":1236,"column":2}},"429":{"start":{"line":1214,"column":2},"end":{"line":1235,"column":3}},"430":{"start":{"line":1215,"column":21},"end":{"line":1218,"column":6}},"431":{"start":{"line":1220,"column":4},"end":{"line":1222,"column":5}},"432":{"start":{"line":1221,"column":6},"end":{"line":1221,"column":56}},"433":{"start":{"line":1224,"column":4},"end":{"line":1224,"column":31}},"434":{"start":{"line":1226,"column":4},"end":{"line":1226,"column":73}},"435":{"start":{"line":1228,"column":4},"end":{"line":1228,"column":52}},"436":{"start":{"line":1229,"column":4},"end":{"line":1234,"column":6}},"437":{"start":{"line":1241,"column":0},"end":{"line":1254,"column":2}},"438":{"start":{"line":1242,"column":2},"end":{"line":1253,"column":3}},"439":{"start":{"line":1244,"column":4},"end":{"line":1244,"column":41}},"440":{"start":{"line":1246,"column":4},"end":{"line":1246,"column":58}},"441":{"start":{"line":1247,"column":4},"end":{"line":1252,"column":6}},"442":{"start":{"line":1259,"column":0},"end":{"line":1272,"column":2}},"443":{"start":{"line":1260,"column":2},"end":{"line":1271,"column":3}},"444":{"start":{"line":1262,"column":4},"end":{"line":1262,"column":50}},"445":{"start":{"line":1264,"column":4},"end":{"line":1264,"column":57}},"446":{"start":{"line":1265,"column":4},"end":{"line":1270,"column":6}},"447":{"start":{"line":1277,"column":0},"end":{"line":1552,"column":2}},"448":{"start":{"line":1278,"column":2},"end":{"line":1551,"column":3}},"449":{"start":{"line":1279,"column":26},"end":{"line":1279,"column":35}},"450":{"start":{"line":1280,"column":20},"end":{"line":1280,"column":34}},"451":{"start":{"line":1283,"column":22},"end":{"line":1283,"column":32}},"452":{"start":{"line":1284,"column":4},"end":{"line":1284,"column":53}},"453":{"start":{"line":1285,"column":4},"end":{"line":1285,"column":35}},"454":{"start":{"line":1288,"column":22},"end":{"line":1292,"column":29}},"455":{"start":{"line":1294,"column":4},"end":{"line":1299,"column":5}},"456":{"start":{"line":1295,"column":6},"end":{"line":1298,"column":9}},"457":{"start":{"line":1302,"column":20},"end":{"line":1302,"column":22}},"458":{"start":{"line":1303,"column":4},"end":{"line":1311,"column":7}},"459":{"start":{"line":1304,"column":6},"end":{"line":1310,"column":9}},"460":{"start":{"line":1305,"column":8},"end":{"line":1309,"column":11}},"461":{"start":{"line":1314,"column":4},"end":{"line":1314,"column":64}},"462":{"start":{"line":1314,"column":27},"end":{"line":1314,"column":62}},"463":{"start":{"line":1317,"column":27},"end":{"line":1338,"column":6}},"464":{"start":{"line":1318,"column":25},"end":{"line":1318,"column":60}},"465":{"start":{"line":1319,"column":26},"end":{"line":1319,"column":27}},"466":{"start":{"line":1321,"column":6},"end":{"line":1321,"column":57}},"467":{"start":{"line":1321,"column":41},"end":{"line":1321,"column":57}},"468":{"start":{"line":1322,"column":6},"end":{"line":1322,"column":53}},"469":{"start":{"line":1322,"column":37},"end":{"line":1322,"column":53}},"470":{"start":{"line":1323,"column":6},"end":{"line":1323,"column":54}},"471":{"start":{"line":1323,"column":38},"end":{"line":1323,"column":54}},"472":{"start":{"line":1324,"column":6},"end":{"line":1326,"column":9}},"473":{"start":{"line":1325,"column":8},"end":{"line":1325,"column":44}},"474":{"start":{"line":1325,"column":28},"end":{"line":1325,"column":44}},"475":{"start":{"line":1329,"column":8},"end":{"line":1329,"column":63}},"476":{"start":{"line":1331,"column":6},"end":{"line":1337,"column":8}},"477":{"start":{"line":1341,"column":24},"end":{"line":1341,"column":25}},"478":{"start":{"line":1342,"column":24},"end":{"line":1342,"column":25}},"479":{"start":{"line":1343,"column":21},"end":{"line":1343,"column":22}},"480":{"start":{"line":1346,"column":4},"end":{"line":1366,"column":5}},"481":{"start":{"line":1346,"column":17},"end":{"line":1346,"column":42}},"482":{"start":{"line":1347,"column":18},"end":{"line":1347,"column":35}},"483":{"start":{"line":1348,"column":22},"end":{"line":1348,"column":40}},"484":{"start":{"line":1349,"column":20},"end":{"line":1349,"column":30}},"485":{"start":{"line":1350,"column":6},"end":{"line":1350,"column":33}},"486":{"start":{"line":1353,"column":6},"end":{"line":1365,"column":7}},"487":{"start":{"line":1354,"column":8},"end":{"line":1364,"column":9}},"488":{"start":{"line":1355,"column":10},"end":{"line":1357,"column":11}},"489":{"start":{"line":1356,"column":12},"end":{"line":1356,"column":28}},"490":{"start":{"line":1358,"column":10},"end":{"line":1358,"column":23}},"491":{"start":{"line":1360,"column":10},"end":{"line":1362,"column":11}},"492":{"start":{"line":1361,"column":12},"end":{"line":1361,"column":30}},"493":{"start":{"line":1363,"column":10},"end":{"line":1363,"column":16}},"494":{"start":{"line":1369,"column":4},"end":{"line":1369,"column":19}},"495":{"start":{"line":1370,"column":4},"end":{"line":1377,"column":7}},"496":{"start":{"line":1371,"column":6},"end":{"line":1376,"column":7}},"497":{"start":{"line":1372,"column":8},"end":{"line":1372,"column":21}},"498":{"start":{"line":1373,"column":8},"end":{"line":1373,"column":60}},"499":{"start":{"line":1375,"column":8},"end":{"line":1375,"column":23}},"500":{"start":{"line":1380,"column":26},"end":{"line":1385,"column":5}},"501":{"start":{"line":1387,"column":4},"end":{"line":1406,"column":7}},"502":{"start":{"line":1389,"column":6},"end":{"line":1389,"column":38}},"503":{"start":{"line":1390,"column":6},"end":{"line":1390,"column":76}},"504":{"start":{"line":1390,"column":41},"end":{"line":1390,"column":76}},"505":{"start":{"line":1393,"column":6},"end":{"line":1393,"column":34}},"506":{"start":{"line":1394,"column":6},"end":{"line":1394,"column":68}},"507":{"start":{"line":1394,"column":37},"end":{"line":1394,"column":68}},"508":{"start":{"line":1397,"column":6},"end":{"line":1397,"column":35}},"509":{"start":{"line":1398,"column":6},"end":{"line":1398,"column":70}},"510":{"start":{"line":1398,"column":38},"end":{"line":1398,"column":70}},"511":{"start":{"line":1401,"column":25},"end":{"line":1401,"column":54}},"512":{"start":{"line":1402,"column":6},"end":{"line":1402,"column":47}},"513":{"start":{"line":1403,"column":6},"end":{"line":1405,"column":9}},"514":{"start":{"line":1404,"column":8},"end":{"line":1404,"column":60}},"515":{"start":{"line":1404,"column":28},"end":{"line":1404,"column":60}},"516":{"start":{"line":1409,"column":4},"end":{"line":1413,"column":7}},"517":{"start":{"line":1410,"column":20},"end":{"line":1410,"column":39}},"518":{"start":{"line":1411,"column":6},"end":{"line":1412,"column":79}},"519":{"start":{"line":1416,"column":28},"end":{"line":1416,"column":30}},"520":{"start":{"line":1417,"column":20},"end":{"line":1417,"column":24}},"521":{"start":{"line":1418,"column":19},"end":{"line":1418,"column":21}},"522":{"start":{"line":1420,"column":4},"end":{"line":1456,"column":7}},"523":{"start":{"line":1421,"column":22},"end":{"line":1421,"column":40}},"524":{"start":{"line":1422,"column":24},"end":{"line":1422,"column":40}},"525":{"start":{"line":1425,"column":6},"end":{"line":1442,"column":7}},"526":{"start":{"line":1426,"column":8},"end":{"line":1437,"column":9}},"527":{"start":{"line":1429,"column":12},"end":{"line":1430,"column":27}},"528":{"start":{"line":1429,"column":40},"end":{"line":1429,"column":67}},"529":{"start":{"line":1431,"column":10},"end":{"line":1436,"column":13}},"530":{"start":{"line":1438,"column":8},"end":{"line":1438,"column":29}},"531":{"start":{"line":1439,"column":8},"end":{"line":1439,"column":25}},"532":{"start":{"line":1441,"column":8},"end":{"line":1441,"column":27}},"533":{"start":{"line":1445,"column":6},"end":{"line":1455,"column":7}},"534":{"start":{"line":1447,"column":10},"end":{"line":1448,"column":25}},"535":{"start":{"line":1447,"column":38},"end":{"line":1447,"column":65}},"536":{"start":{"line":1449,"column":8},"end":{"line":1454,"column":11}},"537":{"start":{"line":1459,"column":27},"end":{"line":1465,"column":9}},"538":{"start":{"line":1461,"column":18},"end":{"line":1465,"column":7}},"539":{"start":{"line":1467,"column":4},"end":{"line":1471,"column":7}},"540":{"start":{"line":1468,"column":24},"end":{"line":1468,"column":51}},"541":{"start":{"line":1469,"column":6},"end":{"line":1469,"column":40}},"542":{"start":{"line":1470,"column":6},"end":{"line":1470,"column":74}},"543":{"start":{"line":1473,"column":21},"end":{"line":1481,"column":5}},"544":{"start":{"line":1482,"column":31},"end":{"line":1489,"column":33}},"545":{"start":{"line":1483,"column":30},"end":{"line":1488,"column":7}},"546":{"start":{"line":1489,"column":21},"end":{"line":1489,"column":32}},"547":{"start":{"line":1492,"column":23},"end":{"line":1494,"column":5}},"548":{"start":{"line":1493,"column":16},"end":{"line":1493,"column":47}},"549":{"start":{"line":1495,"column":20},"end":{"line":1495,"column":41}},"550":{"start":{"line":1496,"column":21},"end":{"line":1496,"column":62}},"551":{"start":{"line":1500,"column":6},"end":{"line":1505,"column":11}},"552":{"start":{"line":1502,"column":46},"end":{"line":1502,"column":73}},"553":{"start":{"line":1507,"column":22},"end":{"line":1540,"column":5}},"554":{"start":{"line":1512,"column":57},"end":{"line":1512,"column":73}},"555":{"start":{"line":1542,"column":4},"end":{"line":1542,"column":44}},"556":{"start":{"line":1544,"column":4},"end":{"line":1544,"column":59}},"557":{"start":{"line":1545,"column":4},"end":{"line":1550,"column":6}}},"fnMap":{"0":{"name":"(anonymous_0)","decl":{"start":{"line":19,"column":30},"end":{"line":19,"column":31}},"loc":{"start":{"line":19,"column":41},"end":{"line":24,"column":1}},"line":19},"1":{"name":"(anonymous_1)","decl":{"start":{"line":21,"column":4},"end":{"line":21,"column":5}},"loc":{"start":{"line":21,"column":19},"end":{"line":21,"column":37}},"line":21},"2":{"name":"(anonymous_2)","decl":{"start":{"line":30,"column":26},"end":{"line":30,"column":27}},"loc":{"start":{"line":35,"column":5},"end":{"line":53,"column":1}},"line":35},"3":{"name":"(anonymous_3)","decl":{"start":{"line":55,"column":32},"end":{"line":55,"column":33}},"loc":{"start":{"line":55,"column":67},"end":{"line":116,"column":1}},"line":55},"4":{"name":"(anonymous_4)","decl":{"start":{"line":69,"column":23},"end":{"line":69,"column":24}},"loc":{"start":{"line":69,"column":34},"end":{"line":82,"column":3}},"line":69},"5":{"name":"(anonymous_5)","decl":{"start":{"line":87,"column":36},"end":{"line":87,"column":37}},"loc":{"start":{"line":87,"column":47},"end":{"line":87,"column":66}},"line":87},"6":{"name":"(anonymous_6)","decl":{"start":{"line":96,"column":35},"end":{"line":96,"column":36}},"loc":{"start":{"line":96,"column":46},"end":{"line":96,"column":56}},"line":96},"7":{"name":"(anonymous_7)","decl":{"start":{"line":101,"column":43},"end":{"line":101,"column":44}},"loc":{"start":{"line":101,"column":58},"end":{"line":105,"column":3}},"line":101},"8":{"name":"(anonymous_8)","decl":{"start":{"line":107,"column":47},"end":{"line":107,"column":48}},"loc":{"start":{"line":107,"column":63},"end":{"line":110,"column":3}},"line":107},"9":{"name":"(anonymous_9)","decl":{"start":{"line":121,"column":27},"end":{"line":121,"column":28}},"loc":{"start":{"line":121,"column":47},"end":{"line":466,"column":1}},"line":121},"10":{"name":"(anonymous_10)","decl":{"start":{"line":219,"column":33},"end":{"line":219,"column":34}},"loc":{"start":{"line":219,"column":66},"end":{"line":237,"column":5}},"line":219},"11":{"name":"(anonymous_11)","decl":{"start":{"line":271,"column":47},"end":{"line":271,"column":48}},"loc":{"start":{"line":271,"column":57},"end":{"line":271,"column":65}},"line":271},"12":{"name":"(anonymous_12)","decl":{"start":{"line":272,"column":39},"end":{"line":272,"column":40}},"loc":{"start":{"line":272,"column":49},"end":{"line":272,"column":57}},"line":272},"13":{"name":"(anonymous_13)","decl":{"start":{"line":273,"column":41},"end":{"line":273,"column":42}},"loc":{"start":{"line":273,"column":51},"end":{"line":273,"column":59}},"line":273},"14":{"name":"(anonymous_14)","decl":{"start":{"line":274,"column":39},"end":{"line":274,"column":40}},"loc":{"start":{"line":274,"column":49},"end":{"line":274,"column":57}},"line":274},"15":{"name":"(anonymous_15)","decl":{"start":{"line":315,"column":33},"end":{"line":315,"column":34}},"loc":{"start":{"line":316,"column":10},"end":{"line":316,"column":70}},"line":316},"16":{"name":"(anonymous_16)","decl":{"start":{"line":316,"column":28},"end":{"line":316,"column":29}},"loc":{"start":{"line":316,"column":35},"end":{"line":316,"column":69}},"line":316},"17":{"name":"(anonymous_17)","decl":{"start":{"line":317,"column":48},"end":{"line":317,"column":49}},"loc":{"start":{"line":317,"column":60},"end":{"line":321,"column":9}},"line":317},"18":{"name":"(anonymous_18)","decl":{"start":{"line":324,"column":10},"end":{"line":324,"column":11}},"loc":{"start":{"line":324,"column":20},"end":{"line":324,"column":79}},"line":324},"19":{"name":"(anonymous_19)","decl":{"start":{"line":344,"column":29},"end":{"line":344,"column":30}},"loc":{"start":{"line":345,"column":10},"end":{"line":352,"column":15}},"line":345},"20":{"name":"(anonymous_20)","decl":{"start":{"line":348,"column":33},"end":{"line":348,"column":34}},"loc":{"start":{"line":348,"column":45},"end":{"line":352,"column":11}},"line":348},"21":{"name":"(anonymous_21)","decl":{"start":{"line":423,"column":6},"end":{"line":423,"column":7}},"loc":{"start":{"line":423,"column":20},"end":{"line":423,"column":53}},"line":423},"22":{"name":"(anonymous_22)","decl":{"start":{"line":471,"column":23},"end":{"line":471,"column":24}},"loc":{"start":{"line":471,"column":43},"end":{"line":511,"column":1}},"line":471},"23":{"name":"(anonymous_23)","decl":{"start":{"line":516,"column":22},"end":{"line":516,"column":23}},"loc":{"start":{"line":516,"column":42},"end":{"line":551,"column":1}},"line":516},"24":{"name":"(anonymous_24)","decl":{"start":{"line":556,"column":25},"end":{"line":556,"column":26}},"loc":{"start":{"line":556,"column":45},"end":{"line":596,"column":1}},"line":556},"25":{"name":"(anonymous_25)","decl":{"start":{"line":601,"column":27},"end":{"line":601,"column":28}},"loc":{"start":{"line":601,"column":47},"end":{"line":730,"column":1}},"line":601},"26":{"name":"(anonymous_26)","decl":{"start":{"line":631,"column":27},"end":{"line":631,"column":28}},"loc":{"start":{"line":631,"column":34},"end":{"line":635,"column":9}},"line":631},"27":{"name":"(anonymous_27)","decl":{"start":{"line":674,"column":26},"end":{"line":674,"column":27}},"loc":{"start":{"line":674,"column":33},"end":{"line":681,"column":5}},"line":674},"28":{"name":"(anonymous_28)","decl":{"start":{"line":678,"column":29},"end":{"line":678,"column":30}},"loc":{"start":{"line":678,"column":40},"end":{"line":680,"column":7}},"line":678},"29":{"name":"(anonymous_29)","decl":{"start":{"line":735,"column":23},"end":{"line":735,"column":24}},"loc":{"start":{"line":735,"column":43},"end":{"line":783,"column":1}},"line":735},"30":{"name":"(anonymous_30)","decl":{"start":{"line":788,"column":29},"end":{"line":788,"column":30}},"loc":{"start":{"line":788,"column":49},"end":{"line":891,"column":1}},"line":788},"31":{"name":"(anonymous_31)","decl":{"start":{"line":820,"column":27},"end":{"line":820,"column":28}},"loc":{"start":{"line":820,"column":36},"end":{"line":824,"column":9}},"line":820},"32":{"name":"(anonymous_32)","decl":{"start":{"line":836,"column":27},"end":{"line":836,"column":28}},"loc":{"start":{"line":836,"column":36},"end":{"line":840,"column":9}},"line":836},"33":{"name":"(anonymous_33)","decl":{"start":{"line":896,"column":29},"end":{"line":896,"column":30}},"loc":{"start":{"line":896,"column":49},"end":{"line":929,"column":1}},"line":896},"34":{"name":"(anonymous_34)","decl":{"start":{"line":934,"column":31},"end":{"line":934,"column":32}},"loc":{"start":{"line":934,"column":51},"end":{"line":1007,"column":1}},"line":934},"35":{"name":"(anonymous_35)","decl":{"start":{"line":951,"column":45},"end":{"line":951,"column":46}},"loc":{"start":{"line":951,"column":54},"end":{"line":985,"column":5}},"line":951},"36":{"name":"(anonymous_36)","decl":{"start":{"line":970,"column":32},"end":{"line":970,"column":33}},"loc":{"start":{"line":970,"column":44},"end":{"line":973,"column":9}},"line":970},"37":{"name":"(anonymous_37)","decl":{"start":{"line":974,"column":15},"end":{"line":974,"column":16}},"loc":{"start":{"line":974,"column":25},"end":{"line":974,"column":34}},"line":974},"38":{"name":"(anonymous_38)","decl":{"start":{"line":1012,"column":25},"end":{"line":1012,"column":26}},"loc":{"start":{"line":1012,"column":45},"end":{"line":1208,"column":1}},"line":1012},"39":{"name":"(anonymous_39)","decl":{"start":{"line":1061,"column":31},"end":{"line":1061,"column":32}},"loc":{"start":{"line":1061,"column":52},"end":{"line":1084,"column":5}},"line":1061},"40":{"name":"(anonymous_40)","decl":{"start":{"line":1088,"column":32},"end":{"line":1088,"column":33}},"loc":{"start":{"line":1088,"column":48},"end":{"line":1120,"column":7}},"line":1088},"41":{"name":"(anonymous_41)","decl":{"start":{"line":1102,"column":33},"end":{"line":1102,"column":34}},"loc":{"start":{"line":1102,"column":44},"end":{"line":1102,"column":78}},"line":1102},"42":{"name":"(anonymous_42)","decl":{"start":{"line":1131,"column":27},"end":{"line":1131,"column":28}},"loc":{"start":{"line":1131,"column":36},"end":{"line":1134,"column":5}},"line":1131},"43":{"name":"(anonymous_43)","decl":{"start":{"line":1136,"column":31},"end":{"line":1136,"column":32}},"loc":{"start":{"line":1136,"column":55},"end":{"line":1155,"column":5}},"line":1136},"44":{"name":"(anonymous_44)","decl":{"start":{"line":1138,"column":23},"end":{"line":1138,"column":24}},"loc":{"start":{"line":1138,"column":32},"end":{"line":1153,"column":7}},"line":1138},"45":{"name":"(anonymous_45)","decl":{"start":{"line":1142,"column":43},"end":{"line":1142,"column":44}},"loc":{"start":{"line":1142,"column":54},"end":{"line":1146,"column":11}},"line":1142},"46":{"name":"(anonymous_46)","decl":{"start":{"line":1213,"column":25},"end":{"line":1213,"column":26}},"loc":{"start":{"line":1213,"column":45},"end":{"line":1236,"column":1}},"line":1213},"47":{"name":"(anonymous_47)","decl":{"start":{"line":1241,"column":30},"end":{"line":1241,"column":31}},"loc":{"start":{"line":1241,"column":50},"end":{"line":1254,"column":1}},"line":1241},"48":{"name":"(anonymous_48)","decl":{"start":{"line":1259,"column":29},"end":{"line":1259,"column":30}},"loc":{"start":{"line":1259,"column":49},"end":{"line":1272,"column":1}},"line":1259},"49":{"name":"(anonymous_49)","decl":{"start":{"line":1277,"column":32},"end":{"line":1277,"column":33}},"loc":{"start":{"line":1277,"column":52},"end":{"line":1552,"column":1}},"line":1277},"50":{"name":"(anonymous_50)","decl":{"start":{"line":1303,"column":22},"end":{"line":1303,"column":23}},"loc":{"start":{"line":1303,"column":32},"end":{"line":1311,"column":5}},"line":1303},"51":{"name":"(anonymous_51)","decl":{"start":{"line":1304,"column":24},"end":{"line":1304,"column":25}},"loc":{"start":{"line":1304,"column":33},"end":{"line":1310,"column":7}},"line":1304},"52":{"name":"(anonymous_52)","decl":{"start":{"line":1314,"column":17},"end":{"line":1314,"column":18}},"loc":{"start":{"line":1314,"column":27},"end":{"line":1314,"column":62}},"line":1314},"53":{"name":"(anonymous_53)","decl":{"start":{"line":1317,"column":39},"end":{"line":1317,"column":40}},"loc":{"start":{"line":1317,"column":48},"end":{"line":1338,"column":5}},"line":1317},"54":{"name":"(anonymous_54)","decl":{"start":{"line":1324,"column":39},"end":{"line":1324,"column":40}},"loc":{"start":{"line":1324,"column":50},"end":{"line":1326,"column":7}},"line":1324},"55":{"name":"(anonymous_55)","decl":{"start":{"line":1370,"column":27},"end":{"line":1370,"column":28}},"loc":{"start":{"line":1370,"column":36},"end":{"line":1377,"column":5}},"line":1370},"56":{"name":"(anonymous_56)","decl":{"start":{"line":1387,"column":20},"end":{"line":1387,"column":21}},"loc":{"start":{"line":1387,"column":29},"end":{"line":1406,"column":5}},"line":1387},"57":{"name":"(anonymous_57)","decl":{"start":{"line":1403,"column":39},"end":{"line":1403,"column":40}},"loc":{"start":{"line":1403,"column":50},"end":{"line":1405,"column":7}},"line":1403},"58":{"name":"(anonymous_58)","decl":{"start":{"line":1409,"column":39},"end":{"line":1409,"column":40}},"loc":{"start":{"line":1409,"column":49},"end":{"line":1413,"column":5}},"line":1409},"59":{"name":"(anonymous_59)","decl":{"start":{"line":1420,"column":27},"end":{"line":1420,"column":28}},"loc":{"start":{"line":1420,"column":43},"end":{"line":1456,"column":5}},"line":1420},"60":{"name":"(anonymous_60)","decl":{"start":{"line":1429,"column":28},"end":{"line":1429,"column":29}},"loc":{"start":{"line":1429,"column":40},"end":{"line":1429,"column":67}},"line":1429},"61":{"name":"(anonymous_61)","decl":{"start":{"line":1447,"column":26},"end":{"line":1447,"column":27}},"loc":{"start":{"line":1447,"column":38},"end":{"line":1447,"column":65}},"line":1447},"62":{"name":"(anonymous_62)","decl":{"start":{"line":1461,"column":11},"end":{"line":1461,"column":12}},"loc":{"start":{"line":1461,"column":18},"end":{"line":1465,"column":7}},"line":1461},"63":{"name":"(anonymous_63)","decl":{"start":{"line":1467,"column":27},"end":{"line":1467,"column":28}},"loc":{"start":{"line":1467,"column":36},"end":{"line":1471,"column":5}},"line":1467},"64":{"name":"(anonymous_64)","decl":{"start":{"line":1483,"column":11},"end":{"line":1483,"column":12}},"loc":{"start":{"line":1483,"column":30},"end":{"line":1488,"column":7}},"line":1483},"65":{"name":"(anonymous_65)","decl":{"start":{"line":1489,"column":14},"end":{"line":1489,"column":15}},"loc":{"start":{"line":1489,"column":21},"end":{"line":1489,"column":32}},"line":1489},"66":{"name":"(anonymous_66)","decl":{"start":{"line":1493,"column":6},"end":{"line":1493,"column":7}},"loc":{"start":{"line":1493,"column":16},"end":{"line":1493,"column":47}},"line":1493},"67":{"name":"(anonymous_67)","decl":{"start":{"line":1502,"column":34},"end":{"line":1502,"column":35}},"loc":{"start":{"line":1502,"column":46},"end":{"line":1502,"column":73}},"line":1502},"68":{"name":"(anonymous_68)","decl":{"start":{"line":1512,"column":50},"end":{"line":1512,"column":51}},"loc":{"start":{"line":1512,"column":57},"end":{"line":1512,"column":73}},"line":1512}},"branchMap":{"0":{"loc":{"start":{"line":33,"column":2},"end":{"line":33,"column":35}},"type":"default-arg","locations":[{"start":{"line":33,"column":17},"end":{"line":33,"column":35}}],"line":33},"1":{"loc":{"start":{"line":34,"column":2},"end":{"line":34,"column":22}},"type":"default-arg","locations":[{"start":{"line":34,"column":17},"end":{"line":34,"column":22}}],"line":34},"2":{"loc":{"start":{"line":36,"column":2},"end":{"line":41,"column":3}},"type":"if","locations":[{"start":{"line":36,"column":2},"end":{"line":41,"column":3}},{"start":{},"end":{}}],"line":36},"3":{"loc":{"start":{"line":36,"column":6},"end":{"line":36,"column":34}},"type":"binary-expr","locations":[{"start":{"line":36,"column":6},"end":{"line":36,"column":12}},{"start":{"line":36,"column":16},"end":{"line":36,"column":34}}],"line":36},"4":{"loc":{"start":{"line":37,"column":4},"end":{"line":39,"column":5}},"type":"if","locations":[{"start":{"line":37,"column":4},"end":{"line":39,"column":5}},{"start":{},"end":{}}],"line":37},"5":{"loc":{"start":{"line":43,"column":2},"end":{"line":47,"column":3}},"type":"if","locations":[{"start":{"line":43,"column":2},"end":{"line":47,"column":3}},{"start":{},"end":{}}],"line":43},"6":{"loc":{"start":{"line":43,"column":6},"end":{"line":43,"column":50}},"type":"binary-expr","locations":[{"start":{"line":43,"column":6},"end":{"line":43,"column":19}},{"start":{"line":43,"column":23},"end":{"line":43,"column":50}}],"line":43},"7":{"loc":{"start":{"line":49,"column":23},"end":{"line":51,"column":18}},"type":"cond-expr","locations":[{"start":{"line":50,"column":6},"end":{"line":50,"column":42}},{"start":{"line":51,"column":6},"end":{"line":51,"column":18}}],"line":49},"8":{"loc":{"start":{"line":55,"column":44},"end":{"line":55,"column":62}},"type":"default-arg","locations":[{"start":{"line":55,"column":61},"end":{"line":55,"column":62}}],"line":55},"9":{"loc":{"start":{"line":56,"column":2},"end":{"line":58,"column":3}},"type":"if","locations":[{"start":{"line":56,"column":2},"end":{"line":58,"column":3}},{"start":{},"end":{}}],"line":56},"10":{"loc":{"start":{"line":61,"column":4},"end":{"line":61,"column":61}},"type":"binary-expr","locations":[{"start":{"line":61,"column":4},"end":{"line":61,"column":38}},{"start":{"line":61,"column":42},"end":{"line":61,"column":56}},{"start":{"line":61,"column":60},"end":{"line":61,"column":61}}],"line":61},"11":{"loc":{"start":{"line":64,"column":22},"end":{"line":64,"column":63}},"type":"binary-expr","locations":[{"start":{"line":64,"column":22},"end":{"line":64,"column":58}},{"start":{"line":64,"column":62},"end":{"line":64,"column":63}}],"line":64},"12":{"loc":{"start":{"line":70,"column":4},"end":{"line":81,"column":5}},"type":"if","locations":[{"start":{"line":70,"column":4},"end":{"line":81,"column":5}},{"start":{},"end":{}}],"line":70},"13":{"loc":{"start":{"line":70,"column":8},"end":{"line":70,"column":31}},"type":"binary-expr","locations":[{"start":{"line":70,"column":8},"end":{"line":70,"column":13}},{"start":{"line":70,"column":17},"end":{"line":70,"column":31}}],"line":70},"14":{"loc":{"start":{"line":72,"column":8},"end":{"line":74,"column":22}},"type":"cond-expr","locations":[{"start":{"line":73,"column":12},"end":{"line":73,"column":57}},{"start":{"line":74,"column":12},"end":{"line":74,"column":22}}],"line":72},"15":{"loc":{"start":{"line":72,"column":8},"end":{"line":72,"column":61}},"type":"binary-expr","locations":[{"start":{"line":72,"column":8},"end":{"line":72,"column":38}},{"start":{"line":72,"column":42},"end":{"line":72,"column":61}}],"line":72},"16":{"loc":{"start":{"line":73,"column":12},"end":{"line":73,"column":57}},"type":"binary-expr","locations":[{"start":{"line":73,"column":12},"end":{"line":73,"column":26}},{"start":{"line":73,"column":30},"end":{"line":73,"column":43}},{"start":{"line":73,"column":47},"end":{"line":73,"column":57}}],"line":73},"17":{"loc":{"start":{"line":75,"column":6},"end":{"line":80,"column":7}},"type":"if","locations":[{"start":{"line":75,"column":6},"end":{"line":80,"column":7}},{"start":{},"end":{}}],"line":75},"18":{"loc":{"start":{"line":78,"column":20},"end":{"line":78,"column":39}},"type":"binary-expr","locations":[{"start":{"line":78,"column":20},"end":{"line":78,"column":34}},{"start":{"line":78,"column":38},"end":{"line":78,"column":39}}],"line":78},"19":{"loc":{"start":{"line":87,"column":3},"end":{"line":87,"column":26}},"type":"binary-expr","locations":[{"start":{"line":87,"column":3},"end":{"line":87,"column":20}},{"start":{"line":87,"column":24},"end":{"line":87,"column":26}}],"line":87},"20":{"loc":{"start":{"line":89,"column":2},"end":{"line":93,"column":3}},"type":"if","locations":[{"start":{"line":89,"column":2},"end":{"line":93,"column":3}},{"start":{},"end":{}}],"line":89},"21":{"loc":{"start":{"line":102,"column":21},"end":{"line":102,"column":50}},"type":"binary-expr","locations":[{"start":{"line":102,"column":21},"end":{"line":102,"column":45}},{"start":{"line":102,"column":49},"end":{"line":102,"column":50}}],"line":102},"22":{"loc":{"start":{"line":108,"column":31},"end":{"line":108,"column":68}},"type":"binary-expr","locations":[{"start":{"line":108,"column":31},"end":{"line":108,"column":63}},{"start":{"line":108,"column":67},"end":{"line":108,"column":68}}],"line":108},"23":{"loc":{"start":{"line":109,"column":39},"end":{"line":109,"column":58}},"type":"binary-expr","locations":[{"start":{"line":109,"column":39},"end":{"line":109,"column":53}},{"start":{"line":109,"column":57},"end":{"line":109,"column":58}}],"line":109},"24":{"loc":{"start":{"line":123,"column":23},"end":{"line":123,"column":51}},"type":"default-arg","locations":[{"start":{"line":123,"column":34},"end":{"line":123,"column":51}}],"line":123},"25":{"loc":{"start":{"line":126,"column":4},"end":{"line":131,"column":5}},"type":"if","locations":[{"start":{"line":126,"column":4},"end":{"line":131,"column":5}},{"start":{},"end":{}}],"line":126},"26":{"loc":{"start":{"line":138,"column":4},"end":{"line":144,"column":5}},"type":"if","locations":[{"start":{"line":138,"column":4},"end":{"line":144,"column":5}},{"start":{},"end":{}}],"line":138},"27":{"loc":{"start":{"line":148,"column":34},"end":{"line":148,"column":77}},"type":"binary-expr","locations":[{"start":{"line":148,"column":34},"end":{"line":148,"column":56}},{"start":{"line":148,"column":60},"end":{"line":148,"column":77}}],"line":148},"28":{"loc":{"start":{"line":151,"column":27},"end":{"line":151,"column":58}},"type":"binary-expr","locations":[{"start":{"line":151,"column":27},"end":{"line":151,"column":50}},{"start":{"line":151,"column":54},"end":{"line":151,"column":58}}],"line":151},"29":{"loc":{"start":{"line":152,"column":18},"end":{"line":152,"column":62}},"type":"cond-expr","locations":[{"start":{"line":152,"column":30},"end":{"line":152,"column":49}},{"start":{"line":152,"column":52},"end":{"line":152,"column":62}}],"line":152},"30":{"loc":{"start":{"line":189,"column":4},"end":{"line":205,"column":5}},"type":"if","locations":[{"start":{"line":189,"column":4},"end":{"line":205,"column":5}},{"start":{},"end":{}}],"line":189},"31":{"loc":{"start":{"line":190,"column":6},"end":{"line":192,"column":30}},"type":"binary-expr","locations":[{"start":{"line":190,"column":6},"end":{"line":190,"column":33}},{"start":{"line":191,"column":6},"end":{"line":191,"column":29}},{"start":{"line":192,"column":6},"end":{"line":192,"column":30}}],"line":190},"32":{"loc":{"start":{"line":220,"column":6},"end":{"line":222,"column":7}},"type":"if","locations":[{"start":{"line":220,"column":6},"end":{"line":222,"column":7}},{"start":{},"end":{}}],"line":220},"33":{"loc":{"start":{"line":220,"column":10},"end":{"line":220,"column":52}},"type":"binary-expr","locations":[{"start":{"line":220,"column":10},"end":{"line":220,"column":23}},{"start":{"line":220,"column":27},"end":{"line":220,"column":52}}],"line":220},"34":{"loc":{"start":{"line":224,"column":25},"end":{"line":224,"column":79}},"type":"cond-expr","locations":[{"start":{"line":224,"column":74},"end":{"line":224,"column":75}},{"start":{"line":224,"column":78},"end":{"line":224,"column":79}}],"line":224},"35":{"loc":{"start":{"line":224,"column":25},"end":{"line":224,"column":71}},"type":"binary-expr","locations":[{"start":{"line":224,"column":25},"end":{"line":224,"column":48}},{"start":{"line":224,"column":52},"end":{"line":224,"column":71}}],"line":224},"36":{"loc":{"start":{"line":255,"column":8},"end":{"line":255,"column":58}},"type":"cond-expr","locations":[{"start":{"line":255,"column":34},"end":{"line":255,"column":45}},{"start":{"line":255,"column":48},"end":{"line":255,"column":58}}],"line":255},"37":{"loc":{"start":{"line":279,"column":8},"end":{"line":279,"column":60}},"type":"binary-expr","locations":[{"start":{"line":279,"column":8},"end":{"line":279,"column":21}},{"start":{"line":279,"column":25},"end":{"line":279,"column":60}}],"line":279},"38":{"loc":{"start":{"line":301,"column":21},"end":{"line":301,"column":57}},"type":"binary-expr","locations":[{"start":{"line":301,"column":21},"end":{"line":301,"column":50}},{"start":{"line":301,"column":54},"end":{"line":301,"column":57}}],"line":301},"39":{"loc":{"start":{"line":303,"column":45},"end":{"line":303,"column":77}},"type":"binary-expr","locations":[{"start":{"line":303,"column":45},"end":{"line":303,"column":70}},{"start":{"line":303,"column":74},"end":{"line":303,"column":77}}],"line":303},"40":{"loc":{"start":{"line":306,"column":21},"end":{"line":306,"column":54}},"type":"binary-expr","locations":[{"start":{"line":306,"column":21},"end":{"line":306,"column":47}},{"start":{"line":306,"column":51},"end":{"line":306,"column":54}}],"line":306},"41":{"loc":{"start":{"line":319,"column":46},"end":{"line":319,"column":77}},"type":"binary-expr","locations":[{"start":{"line":319,"column":46},"end":{"line":319,"column":70}},{"start":{"line":319,"column":74},"end":{"line":319,"column":77}}],"line":319},"42":{"loc":{"start":{"line":320,"column":31},"end":{"line":320,"column":46}},"type":"binary-expr","locations":[{"start":{"line":320,"column":31},"end":{"line":320,"column":41}},{"start":{"line":320,"column":45},"end":{"line":320,"column":46}}],"line":320},"43":{"loc":{"start":{"line":324,"column":21},"end":{"line":324,"column":47}},"type":"binary-expr","locations":[{"start":{"line":324,"column":21},"end":{"line":324,"column":42}},{"start":{"line":324,"column":46},"end":{"line":324,"column":47}}],"line":324},"44":{"loc":{"start":{"line":324,"column":52},"end":{"line":324,"column":78}},"type":"binary-expr","locations":[{"start":{"line":324,"column":52},"end":{"line":324,"column":73}},{"start":{"line":324,"column":77},"end":{"line":324,"column":78}}],"line":324},"45":{"loc":{"start":{"line":327,"column":15},"end":{"line":327,"column":71}},"type":"binary-expr","locations":[{"start":{"line":327,"column":15},"end":{"line":327,"column":41}},{"start":{"line":327,"column":45},"end":{"line":327,"column":71}}],"line":327},"46":{"loc":{"start":{"line":328,"column":10},"end":{"line":340,"column":11}},"type":"if","locations":[{"start":{"line":328,"column":10},"end":{"line":340,"column":11}},{"start":{"line":338,"column":17},"end":{"line":340,"column":11}}],"line":328},"47":{"loc":{"start":{"line":336,"column":25},"end":{"line":336,"column":60}},"type":"binary-expr","locations":[{"start":{"line":336,"column":25},"end":{"line":336,"column":53}},{"start":{"line":336,"column":57},"end":{"line":336,"column":60}}],"line":336},"48":{"loc":{"start":{"line":350,"column":45},"end":{"line":350,"column":76}},"type":"binary-expr","locations":[{"start":{"line":350,"column":45},"end":{"line":350,"column":69}},{"start":{"line":350,"column":73},"end":{"line":350,"column":76}}],"line":350},"49":{"loc":{"start":{"line":351,"column":30},"end":{"line":351,"column":45}},"type":"binary-expr","locations":[{"start":{"line":351,"column":30},"end":{"line":351,"column":40}},{"start":{"line":351,"column":44},"end":{"line":351,"column":45}}],"line":351},"50":{"loc":{"start":{"line":355,"column":15},"end":{"line":355,"column":66}},"type":"binary-expr","locations":[{"start":{"line":355,"column":15},"end":{"line":355,"column":52}},{"start":{"line":355,"column":56},"end":{"line":355,"column":66}}],"line":355},"51":{"loc":{"start":{"line":356,"column":10},"end":{"line":366,"column":11}},"type":"if","locations":[{"start":{"line":356,"column":10},"end":{"line":366,"column":11}},{"start":{"line":358,"column":17},"end":{"line":366,"column":11}}],"line":356},"52":{"loc":{"start":{"line":358,"column":17},"end":{"line":366,"column":11}},"type":"if","locations":[{"start":{"line":358,"column":17},"end":{"line":366,"column":11}},{"start":{"line":360,"column":17},"end":{"line":366,"column":11}}],"line":358},"53":{"loc":{"start":{"line":360,"column":17},"end":{"line":366,"column":11}},"type":"if","locations":[{"start":{"line":360,"column":17},"end":{"line":366,"column":11}},{"start":{"line":362,"column":17},"end":{"line":366,"column":11}}],"line":360},"54":{"loc":{"start":{"line":362,"column":17},"end":{"line":366,"column":11}},"type":"if","locations":[{"start":{"line":362,"column":17},"end":{"line":366,"column":11}},{"start":{"line":364,"column":17},"end":{"line":366,"column":11}}],"line":362},"55":{"loc":{"start":{"line":371,"column":15},"end":{"line":371,"column":66}},"type":"binary-expr","locations":[{"start":{"line":371,"column":15},"end":{"line":371,"column":52}},{"start":{"line":371,"column":56},"end":{"line":371,"column":66}}],"line":371},"56":{"loc":{"start":{"line":372,"column":10},"end":{"line":386,"column":11}},"type":"if","locations":[{"start":{"line":372,"column":10},"end":{"line":386,"column":11}},{"start":{"line":378,"column":17},"end":{"line":386,"column":11}}],"line":372},"57":{"loc":{"start":{"line":372,"column":14},"end":{"line":372,"column":52}},"type":"binary-expr","locations":[{"start":{"line":372,"column":14},"end":{"line":372,"column":40}},{"start":{"line":372,"column":44},"end":{"line":372,"column":52}}],"line":372},"58":{"loc":{"start":{"line":378,"column":17},"end":{"line":386,"column":11}},"type":"if","locations":[{"start":{"line":378,"column":17},"end":{"line":386,"column":11}},{"start":{"line":380,"column":17},"end":{"line":386,"column":11}}],"line":378},"59":{"loc":{"start":{"line":380,"column":17},"end":{"line":386,"column":11}},"type":"if","locations":[{"start":{"line":380,"column":17},"end":{"line":386,"column":11}},{"start":{"line":382,"column":17},"end":{"line":386,"column":11}}],"line":380},"60":{"loc":{"start":{"line":382,"column":17},"end":{"line":386,"column":11}},"type":"if","locations":[{"start":{"line":382,"column":17},"end":{"line":386,"column":11}},{"start":{"line":384,"column":17},"end":{"line":386,"column":11}}],"line":382},"61":{"loc":{"start":{"line":444,"column":20},"end":{"line":444,"column":42}},"type":"binary-expr","locations":[{"start":{"line":444,"column":20},"end":{"line":444,"column":33}},{"start":{"line":444,"column":37},"end":{"line":444,"column":42}}],"line":444},"62":{"loc":{"start":{"line":473,"column":20},"end":{"line":473,"column":28}},"type":"default-arg","locations":[{"start":{"line":473,"column":27},"end":{"line":473,"column":28}}],"line":473},"63":{"loc":{"start":{"line":473,"column":30},"end":{"line":473,"column":40}},"type":"default-arg","locations":[{"start":{"line":473,"column":38},"end":{"line":473,"column":40}}],"line":473},"64":{"loc":{"start":{"line":476,"column":4},"end":{"line":478,"column":5}},"type":"if","locations":[{"start":{"line":476,"column":4},"end":{"line":478,"column":5}},{"start":{},"end":{}}],"line":476},"65":{"loc":{"start":{"line":525,"column":4},"end":{"line":530,"column":5}},"type":"if","locations":[{"start":{"line":525,"column":4},"end":{"line":530,"column":5}},{"start":{},"end":{}}],"line":525},"66":{"loc":{"start":{"line":563,"column":4},"end":{"line":568,"column":5}},"type":"if","locations":[{"start":{"line":563,"column":4},"end":{"line":568,"column":5}},{"start":{},"end":{}}],"line":563},"67":{"loc":{"start":{"line":573,"column":4},"end":{"line":573,"column":41}},"type":"if","locations":[{"start":{"line":573,"column":4},"end":{"line":573,"column":41}},{"start":{},"end":{}}],"line":573},"68":{"loc":{"start":{"line":574,"column":4},"end":{"line":574,"column":35}},"type":"if","locations":[{"start":{"line":574,"column":4},"end":{"line":574,"column":35}},{"start":{},"end":{}}],"line":574},"69":{"loc":{"start":{"line":575,"column":4},"end":{"line":575,"column":35}},"type":"if","locations":[{"start":{"line":575,"column":4},"end":{"line":575,"column":35}},{"start":{},"end":{}}],"line":575},"70":{"loc":{"start":{"line":603,"column":44},"end":{"line":603,"column":59}},"type":"default-arg","locations":[{"start":{"line":603,"column":55},"end":{"line":603,"column":59}}],"line":603},"71":{"loc":{"start":{"line":610,"column":4},"end":{"line":615,"column":5}},"type":"if","locations":[{"start":{"line":610,"column":4},"end":{"line":615,"column":5}},{"start":{},"end":{}}],"line":610},"72":{"loc":{"start":{"line":618,"column":4},"end":{"line":647,"column":5}},"type":"if","locations":[{"start":{"line":618,"column":4},"end":{"line":647,"column":5}},{"start":{"line":627,"column":11},"end":{"line":647,"column":5}}],"line":618},"73":{"loc":{"start":{"line":618,"column":8},"end":{"line":618,"column":51}},"type":"binary-expr","locations":[{"start":{"line":618,"column":8},"end":{"line":618,"column":30}},{"start":{"line":618,"column":34},"end":{"line":618,"column":51}}],"line":618},"74":{"loc":{"start":{"line":620,"column":6},"end":{"line":625,"column":7}},"type":"if","locations":[{"start":{"line":620,"column":6},"end":{"line":625,"column":7}},{"start":{},"end":{}}],"line":620},"75":{"loc":{"start":{"line":620,"column":10},"end":{"line":620,"column":69}},"type":"binary-expr","locations":[{"start":{"line":620,"column":10},"end":{"line":620,"column":27}},{"start":{"line":620,"column":31},"end":{"line":620,"column":38}},{"start":{"line":620,"column":42},"end":{"line":620,"column":69}}],"line":620},"76":{"loc":{"start":{"line":627,"column":11},"end":{"line":647,"column":5}},"type":"if","locations":[{"start":{"line":627,"column":11},"end":{"line":647,"column":5}},{"start":{"line":642,"column":11},"end":{"line":647,"column":5}}],"line":627},"77":{"loc":{"start":{"line":631,"column":8},"end":{"line":635,"column":18}},"type":"binary-expr","locations":[{"start":{"line":631,"column":8},"end":{"line":635,"column":10}},{"start":{"line":635,"column":14},"end":{"line":635,"column":18}}],"line":631},"78":{"loc":{"start":{"line":636,"column":6},"end":{"line":641,"column":7}},"type":"if","locations":[{"start":{"line":636,"column":6},"end":{"line":641,"column":7}},{"start":{},"end":{}}],"line":636},"79":{"loc":{"start":{"line":649,"column":4},"end":{"line":670,"column":5}},"type":"if","locations":[{"start":{"line":649,"column":4},"end":{"line":670,"column":5}},{"start":{"line":662,"column":11},"end":{"line":670,"column":5}}],"line":649},"80":{"loc":{"start":{"line":650,"column":6},"end":{"line":659,"column":7}},"type":"if","locations":[{"start":{"line":650,"column":6},"end":{"line":659,"column":7}},{"start":{},"end":{}}],"line":650},"81":{"loc":{"start":{"line":651,"column":8},"end":{"line":653,"column":45}},"type":"binary-expr","locations":[{"start":{"line":651,"column":8},"end":{"line":651,"column":32}},{"start":{"line":652,"column":8},"end":{"line":652,"column":22}},{"start":{"line":653,"column":8},"end":{"line":653,"column":45}}],"line":651},"82":{"loc":{"start":{"line":661,"column":48},"end":{"line":661,"column":76}},"type":"cond-expr","locations":[{"start":{"line":661,"column":59},"end":{"line":661,"column":69}},{"start":{"line":661,"column":72},"end":{"line":661,"column":76}}],"line":661},"83":{"loc":{"start":{"line":662,"column":11},"end":{"line":670,"column":5}},"type":"if","locations":[{"start":{"line":662,"column":11},"end":{"line":670,"column":5}},{"start":{"line":665,"column":11},"end":{"line":670,"column":5}}],"line":662},"84":{"loc":{"start":{"line":664,"column":39},"end":{"line":664,"column":67}},"type":"cond-expr","locations":[{"start":{"line":664,"column":50},"end":{"line":664,"column":60}},{"start":{"line":664,"column":63},"end":{"line":664,"column":67}}],"line":664},"85":{"loc":{"start":{"line":675,"column":6},"end":{"line":675,"column":54}},"type":"if","locations":[{"start":{"line":675,"column":6},"end":{"line":675,"column":54}},{"start":{},"end":{}}],"line":675},"86":{"loc":{"start":{"line":676,"column":6},"end":{"line":676,"column":50}},"type":"if","locations":[{"start":{"line":676,"column":6},"end":{"line":676,"column":50}},{"start":{},"end":{}}],"line":676},"87":{"loc":{"start":{"line":677,"column":6},"end":{"line":677,"column":51}},"type":"if","locations":[{"start":{"line":677,"column":6},"end":{"line":677,"column":51}},{"start":{},"end":{}}],"line":677},"88":{"loc":{"start":{"line":679,"column":8},"end":{"line":679,"column":44}},"type":"if","locations":[{"start":{"line":679,"column":8},"end":{"line":679,"column":44}},{"start":{},"end":{}}],"line":679},"89":{"loc":{"start":{"line":685,"column":6},"end":{"line":687,"column":11}},"type":"cond-expr","locations":[{"start":{"line":686,"column":10},"end":{"line":686,"column":75}},{"start":{"line":687,"column":10},"end":{"line":687,"column":11}}],"line":685},"90":{"loc":{"start":{"line":690,"column":6},"end":{"line":693,"column":7}},"type":"binary-expr","locations":[{"start":{"line":690,"column":6},"end":{"line":690,"column":40}},{"start":{"line":691,"column":6},"end":{"line":691,"column":47}},{"start":{"line":692,"column":6},"end":{"line":692,"column":45}},{"start":{"line":693,"column":6},"end":{"line":693,"column":7}}],"line":690},"91":{"loc":{"start":{"line":696,"column":28},"end":{"line":696,"column":79}},"type":"binary-expr","locations":[{"start":{"line":696,"column":28},"end":{"line":696,"column":62}},{"start":{"line":696,"column":66},"end":{"line":696,"column":79}}],"line":696},"92":{"loc":{"start":{"line":703,"column":8},"end":{"line":708,"column":13}},"type":"cond-expr","locations":[{"start":{"line":704,"column":12},"end":{"line":707,"column":13}},{"start":{"line":708,"column":12},"end":{"line":708,"column":13}}],"line":703},"93":{"loc":{"start":{"line":742,"column":4},"end":{"line":747,"column":5}},"type":"if","locations":[{"start":{"line":742,"column":4},"end":{"line":747,"column":5}},{"start":{},"end":{}}],"line":742},"94":{"loc":{"start":{"line":749,"column":4},"end":{"line":754,"column":5}},"type":"if","locations":[{"start":{"line":749,"column":4},"end":{"line":754,"column":5}},{"start":{},"end":{}}],"line":749},"95":{"loc":{"start":{"line":798,"column":4},"end":{"line":803,"column":5}},"type":"if","locations":[{"start":{"line":798,"column":4},"end":{"line":803,"column":5}},{"start":{},"end":{}}],"line":798},"96":{"loc":{"start":{"line":807,"column":4},"end":{"line":841,"column":5}},"type":"if","locations":[{"start":{"line":807,"column":4},"end":{"line":841,"column":5}},{"start":{"line":816,"column":11},"end":{"line":841,"column":5}}],"line":807},"97":{"loc":{"start":{"line":809,"column":6},"end":{"line":814,"column":7}},"type":"if","locations":[{"start":{"line":809,"column":6},"end":{"line":814,"column":7}},{"start":{},"end":{}}],"line":809},"98":{"loc":{"start":{"line":809,"column":10},"end":{"line":809,"column":75}},"type":"binary-expr","locations":[{"start":{"line":809,"column":10},"end":{"line":809,"column":29}},{"start":{"line":809,"column":33},"end":{"line":809,"column":42}},{"start":{"line":809,"column":46},"end":{"line":809,"column":75}}],"line":809},"99":{"loc":{"start":{"line":816,"column":11},"end":{"line":841,"column":5}},"type":"if","locations":[{"start":{"line":816,"column":11},"end":{"line":841,"column":5}},{"start":{"line":832,"column":11},"end":{"line":841,"column":5}}],"line":816},"100":{"loc":{"start":{"line":820,"column":8},"end":{"line":824,"column":18}},"type":"binary-expr","locations":[{"start":{"line":820,"column":8},"end":{"line":824,"column":10}},{"start":{"line":824,"column":14},"end":{"line":824,"column":18}}],"line":820},"101":{"loc":{"start":{"line":826,"column":6},"end":{"line":831,"column":7}},"type":"if","locations":[{"start":{"line":826,"column":6},"end":{"line":831,"column":7}},{"start":{},"end":{}}],"line":826},"102":{"loc":{"start":{"line":836,"column":8},"end":{"line":840,"column":30}},"type":"binary-expr","locations":[{"start":{"line":836,"column":8},"end":{"line":840,"column":10}},{"start":{"line":840,"column":14},"end":{"line":840,"column":30}}],"line":836},"103":{"loc":{"start":{"line":843,"column":4},"end":{"line":848,"column":5}},"type":"if","locations":[{"start":{"line":843,"column":4},"end":{"line":848,"column":5}},{"start":{},"end":{}}],"line":843},"104":{"loc":{"start":{"line":851,"column":6},"end":{"line":854,"column":7}},"type":"binary-expr","locations":[{"start":{"line":851,"column":6},"end":{"line":851,"column":46}},{"start":{"line":852,"column":6},"end":{"line":852,"column":47}},{"start":{"line":853,"column":6},"end":{"line":853,"column":45}},{"start":{"line":854,"column":6},"end":{"line":854,"column":7}}],"line":851},"105":{"loc":{"start":{"line":859,"column":6},"end":{"line":859,"column":63}},"type":"binary-expr","locations":[{"start":{"line":859,"column":6},"end":{"line":859,"column":46}},{"start":{"line":859,"column":50},"end":{"line":859,"column":63}}],"line":859},"106":{"loc":{"start":{"line":860,"column":26},"end":{"line":860,"column":73}},"type":"binary-expr","locations":[{"start":{"line":860,"column":26},"end":{"line":860,"column":68}},{"start":{"line":860,"column":72},"end":{"line":860,"column":73}}],"line":860},"107":{"loc":{"start":{"line":867,"column":8},"end":{"line":869,"column":13}},"type":"cond-expr","locations":[{"start":{"line":868,"column":12},"end":{"line":868,"column":77}},{"start":{"line":869,"column":12},"end":{"line":869,"column":13}}],"line":867},"108":{"loc":{"start":{"line":910,"column":4},"end":{"line":915,"column":5}},"type":"if","locations":[{"start":{"line":910,"column":4},"end":{"line":915,"column":5}},{"start":{},"end":{}}],"line":910},"109":{"loc":{"start":{"line":943,"column":4},"end":{"line":948,"column":5}},"type":"if","locations":[{"start":{"line":943,"column":4},"end":{"line":948,"column":5}},{"start":{},"end":{}}],"line":943},"110":{"loc":{"start":{"line":1017,"column":4},"end":{"line":1019,"column":5}},"type":"if","locations":[{"start":{"line":1017,"column":4},"end":{"line":1019,"column":5}},{"start":{},"end":{}}],"line":1017},"111":{"loc":{"start":{"line":1021,"column":4},"end":{"line":1027,"column":5}},"type":"if","locations":[{"start":{"line":1021,"column":4},"end":{"line":1027,"column":5}},{"start":{},"end":{}}],"line":1021},"112":{"loc":{"start":{"line":1021,"column":8},"end":{"line":1021,"column":60}},"type":"binary-expr","locations":[{"start":{"line":1021,"column":8},"end":{"line":1021,"column":18}},{"start":{"line":1021,"column":22},"end":{"line":1021,"column":31}},{"start":{"line":1021,"column":35},"end":{"line":
[...]
:{"line":1064,"column":7}},{"start":{},"end":{}}],"line":1062},"122":{"loc":{"start":{"line":1066,"column":6},"end":{"line":1072,"column":7}},"type":"if","locations":[{"start":{"line":1066,"column":6},"end":{"line":1072,"column":7}},{"start":{},"end":{}}],"line":1066},"123":{"loc":{"start":{"line":1074,"column":6},"end":{"line":1076,"column":7}},"type":"if","locations":[{"start":{"line":1074,"column":6},"end":{"line":1076,"column":7}},{"start":{},"end":{}}],"line":1074},"124":{"loc":{"start":{"line":1080,"column":18},"end":{"line":1080,"column":37}},"type":"binary-expr","locations":[{"start":{"line":1080,"column":18},"end":{"line":1080,"column":32}},{"start":{"line":1080,"column":36},"end":{"line":1080,"column":37}}],"line":1080},"125":{"loc":{"start":{"line":1081,"column":18},"end":{"line":1081,"column":41}},"type":"binary-expr","locations":[{"start":{"line":1081,"column":18},"end":{"line":1081,"column":32}},{"start":{"line":1081,"column":36},"end":{"line":1081,"column":41}}],"line":1081},"126":{"loc":{"start":{"line":1089,"column":8},"end":{"line":1091,"column":9}},"type":"if","locations":[{"start":{"line":1089,"column":8},"end":{"line":1091,"column":9}},{"start":{},"end":{}}],"line":1089},"127":{"loc":{"start":{"line":1093,"column":21},"end":{"line":1095,"column":67}},"type":"cond-expr","locations":[{"start":{"line":1094,"column":12},"end":{"line":1094,"column":30}},{"start":{"line":1095,"column":12},"end":{"line":1095,"column":67}}],"line":1093},"128":{"loc":{"start":{"line":1097,"column":8},"end":{"line":1099,"column":9}},"type":"if","locations":[{"start":{"line":1097,"column":8},"end":{"line":1099,"column":9}},{"start":{},"end":{}}],"line":1097},"129":{"loc":{"start":{"line":1101,"column":23},"end":{"line":1103,"column":14}},"type":"cond-expr","locations":[{"start":{"line":1102,"column":12},"end":{"line":1102,"column":79}},{"start":{"line":1103,"column":12},"end":{"line":1103,"column":14}}],"line":1101},"130":{"loc":{"start":{"line":1139,"column":8},"end":{"line":1139,"column":39}},"type":"if","locations":[{"start":{"line":1139,"column":8},"end":{"line":1139,"column":39}},{"start":{},"end":{}}],"line":1139},"131":{"loc":{"start":{"line":1139,"column":12},"end":{"line":1139,"column":30}},"type":"binary-expr","locations":[{"start":{"line":1139,"column":12},"end":{"line":1139,"column":16}},{"start":{"line":1139,"column":20},"end":{"line":1139,"column":30}}],"line":1139},"132":{"loc":{"start":{"line":1141,"column":8},"end":{"line":1152,"column":9}},"type":"if","locations":[{"start":{"line":1141,"column":8},"end":{"line":1152,"column":9}},{"start":{"line":1147,"column":15},"end":{"line":1152,"column":9}}],"line":1141},"133":{"loc":{"start":{"line":1142,"column":11},"end":{"line":1142,"column":33}},"type":"binary-expr","locations":[{"start":{"line":1142,"column":11},"end":{"line":1142,"column":27}},{"start":{"line":1142,"column":31},"end":{"line":1142,"column":33}}],"line":1142},"134":{"loc":{"start":{"line":1143,"column":12},"end":{"line":1145,"column":13}},"type":"if","locations":[{"start":{"line":1143,"column":12},"end":{"line":1145,"column":13}},{"start":{},"end":{}}],"line":1143},"135":{"loc":{"start":{"line":1143,"column":16},"end":{"line":1143,"column":69}},"type":"binary-expr","locations":[{"start":{"line":1143,"column":16},"end":{"line":1143,"column":26}},{"start":{"line":1143,"column":30},"end":{"line":1143,"column":69}}],"line":1143},"136":{"loc":{"start":{"line":1149,"column":10},"end":{"line":1151,"column":11}},"type":"if","locations":[{"start":{"line":1149,"column":10},"end":{"line":1151,"column":11}},{"start":{},"end":{}}],"line":1149},"137":{"loc":{"start":{"line":1149,"column":14},"end":{"line":1149,"column":76}},"type":"binary-expr","locations":[{"start":{"line":1149,"column":14},"end":{"line":1149,"column":19}},{"start":{"line":1149,"column":23},"end":{"line":1149,"column":33}},{"start":{"line":1149,"column":37},"end":{"line":1149,"column":76}}],"line":1149},"138":{"loc":{"start":{"line":1172,"column":12},"end":{"line":1172,"column":68}},"type":"binary-expr","locations":[{"start":{"line":1172,"column":12},"end":{"line":1172,"column":16}},{"start":{"line":1172,"column":20},"end":{"line":1172,"column":68}}],"line":1172},"139":{"loc":{"start":{"line":1188,"column":20},"end":{"line":1188,"column":52}},"type":"binary-expr","locations":[{"start":{"line":1188,"column":20},"end":{"line":1188,"column":43}},{"start":{"line":1188,"column":47},"end":{"line":1188,"column":52}}],"line":1188},"140":{"loc":{"start":{"line":1220,"column":4},"end":{"line":1222,"column":5}},"type":"if","locations":[{"start":{"line":1220,"column":4},"end":{"line":1222,"column":5}},{"start":{},"end":{}}],"line":1220},"141":{"loc":{"start":{"line":1279,"column":12},"end":{"line":1279,"column":21}},"type":"default-arg","locations":[{"start":{"line":1279,"column":19},"end":{"line":1279,"column":21}}],"line":1279},"142":{"loc":{"start":{"line":1294,"column":4},"end":{"line":1299,"column":5}},"type":"if","locations":[{"start":{"line":1294,"column":4},"end":{"line":1299,"column":5}},{"start":{},"end":{}}],"line":1294},"143":{"loc":{"start":{"line":1318,"column":30},"end":{"line":1318,"column":59}},"type":"binary-expr","locations":[{"start":{"line":1318,"column":30},"end":{"line":1318,"column":54}},{"start":{"line":1318,"column":58},"end":{"line":1318,"column":59}}],"line":1318},"144":{"loc":{"start":{"line":1321,"column":6},"end":{"line":1321,"column":57}},"type":"if","locations":[{"start":{"line":1321,"column":6},"end":{"line":1321,"column":57}},{"start":{},"end":{}}],"line":1321},"145":{"loc":{"start":{"line":1322,"column":6},"end":{"line":1322,"column":53}},"type":"if","locations":[{"start":{"line":1322,"column":6},"end":{"line":1322,"column":53}},{"start":{},"end":{}}],"line":1322},"146":{"loc":{"start":{"line":1323,"column":6},"end":{"line":1323,"column":54}},"type":"if","locations":[{"start":{"line":1323,"column":6},"end":{"line":1323,"column":54}},{"start":{},"end":{}}],"line":1323},"147":{"loc":{"start":{"line":1324,"column":7},"end":{"line":1324,"column":29}},"type":"binary-expr","locations":[{"start":{"line":1324,"column":7},"end":{"line":1324,"column":23}},{"start":{"line":1324,"column":27},"end":{"line":1324,"column":29}}],"line":1324},"148":{"loc":{"start":{"line":1325,"column":8},"end":{"line":1325,"column":44}},"type":"if","locations":[{"start":{"line":1325,"column":8},"end":{"line":1325,"column":44}},{"start":{},"end":{}}],"line":1325},"149":{"loc":{"start":{"line":1329,"column":8},"end":{"line":1329,"column":63}},"type":"cond-expr","locations":[{"start":{"line":1329,"column":25},"end":{"line":1329,"column":59}},{"start":{"line":1329,"column":62},"end":{"line":1329,"column":63}}],"line":1329},"150":{"loc":{"start":{"line":1353,"column":6},"end":{"line":1365,"column":7}},"type":"if","locations":[{"start":{"line":1353,"column":6},"end":{"line":1365,"column":7}},{"start":{},"end":{}}],"line":1353},"151":{"loc":{"start":{"line":1354,"column":8},"end":{"line":1364,"column":9}},"type":"if","locations":[{"start":{"line":1354,"column":8},"end":{"line":1364,"column":9}},{"start":{"line":1359,"column":15},"end":{"line":1364,"column":9}}],"line":1354},"152":{"loc":{"start":{"line":1355,"column":10},"end":{"line":1357,"column":11}},"type":"if","locations":[{"start":{"line":1355,"column":10},"end":{"line":1357,"column":11}},{"start":{},"end":{}}],"line":1355},"153":{"loc":{"start":{"line":1360,"column":10},"end":{"line":1362,"column":11}},"type":"if","locations":[{"start":{"line":1360,"column":10},"end":{"line":1362,"column":11}},{"start":{},"end":{}}],"line":1360},"154":{"loc":{"start":{"line":1371,"column":6},"end":{"line":1376,"column":7}},"type":"if","locations":[{"start":{"line":1371,"column":6},"end":{"line":1376,"column":7}},{"start":{"line":1374,"column":13},"end":{"line":1376,"column":7}}],"line":1371},"155":{"loc":{"start":{"line":1390,"column":6},"end":{"line":1390,"column":76}},"type":"if","locations":[{"start":{"line":1390,"column":6},"end":{"line":1390,"column":76}},{"start":{},"end":{}}],"line":1390},"156":{"loc":{"start":{"line":1394,"column":6},"end":{"line":1394,"column":68}},"type":"if","locations":[{"start":{"line":1394,"column":6},"end":{"line":1394,"column":68}},{"start":{},"end":{}}],"line":1394},"157":{"loc":{"start":{"line":1398,"column":6},"end":{"line":1398,"column":70}},"type":"if","locations":[{"start":{"line":1398,"column":6},"end":{"line":1398,"column":70}},{"start":{},"end":{}}],"line":1398},"158":{"loc":{"start":{"line":1401,"column":25},"end":{"line":1401,"column":54}},"type":"binary-expr","locations":[{"start":{"line":1401,"column":25},"end":{"line":1401,"column":49}},{"start":{"line":1401,"column":53},"end":{"line":1401,"column":54}}],"line":1401},"159":{"loc":{"start":{"line":1403,"column":7},"end":{"line":1403,"column":29}},"type":"binary-expr","locations":[{"start":{"line":1403,"column":7},"end":{"line":1403,"column":23}},{"start":{"line":1403,"column":27},"end":{"line":1403,"column":29}}],"line":1403},"160":{"loc":{"start":{"line":1404,"column":8},"end":{"line":1404,"column":60}},"type":"if","locations":[{"start":{"line":1404,"column":8},"end":{"line":1404,"column":60}},{"start":{},"end":{}}],"line":1404},"161":{"loc":{"start":{"line":1412,"column":8},"end":{"line":1412,"column":78}},"type":"cond-expr","locations":[{"start":{"line":1412,"column":26},"end":{"line":1412,"column":74}},{"start":{"line":1412,"column":77},"end":{"line":1412,"column":78}}],"line":1412},"162":{"loc":{"start":{"line":1425,"column":6},"end":{"line":1442,"column":7}},"type":"if","locations":[{"start":{"line":1425,"column":6},"end":{"line":1442,"column":7}},{"start":{"line":1440,"column":13},"end":{"line":1442,"column":7}}],"line":1425},"163":{"loc":{"start":{"line":1425,"column":10},"end":{"line":1425,"column":47}},"type":"binary-expr","locations":[{"start":{"line":1425,"column":10},"end":{"line":1425,"column":28}},{"start":{"line":1425,"column":32},"end":{"line":1425,"column":47}}],"line":1425},"164":{"loc":{"start":{"line":1426,"column":8},"end":{"line":1437,"column":9}},"type":"if","locations":[{"start":{"line":1426,"column":8},"end":{"line":1437,"column":9}},{"start":{},"end":{}}],"line":1426},"165":{"loc":{"start":{"line":1445,"column":6},"end":{"line":1455,"column":7}},"type":"if","locations":[{"start":{"line":1445,"column":6},"end":{"line":1455,"column":7}},{"start":{},"end":{}}],"line":1445},"166":{"loc":{"start":{"line":1445,"column":10},"end":{"line":1445,"column":68}},"type":"binary-expr","locations":[{"start":{"line":1445,"column":10},"end":{"line":1445,"column":45}},{"start":{"line":1445,"column":49},"end":{"line":1445,"column":68}}],"line":1445},"167":{"loc":{"start":{"line":1486,"column":10},"end":{"line":1486,"column":78}},"type":"cond-expr","locations":[{"start":{"line":1486,"column":28},"end":{"line":1486,"column":74}},{"start":{"line":1486,"column":77},"end":{"line":1486,"column":78}}],"line":1486},"168":{"loc":{"start":{"line":1495,"column":20},"end":{"line":1495,"column":41}},"type":"binary-expr","locations":[{"start":{"line":1495,"column":20},"end":{"line":1495,"column":33}},{"start":{"line":1495,"column":37},"end":{"line":1495,"column":41}}],"line":1495},"169":{"loc":{"start":{"line":1496,"column":21},"end":{"line":1496,"column":62}},"type":"binary-expr","locations":[{"start":{"line":1496,"column":21},"end":{"line":1496,"column":54}},{"start":{"line":1496,"column":58},"end":{"line":1496,"column":62}}],"line":1496},"170":{"loc":{"start":{"line":1500,"column":6},"end":{"line":1505,"column":11}},"type":"cond-expr","locations":[{"start":{"line":1501,"column":10},"end":{"line":1504,"column":11}},{"start":{"line":1505,"column":10},"end":{"line":1505,"column":11}}],"line":1500},"171":{"loc":{"start":{"line":1522,"column":10},"end":{"line":1524,"column":65}},"type":"cond-expr","locations":[{"start":{"line":1523,"column":14},"end":{"line":1523,"column":59}},{"start":{"line":1524,"column":14},"end":{"line":1524,"column":65}}],"line":1522},"172":{"loc":{"start":{"line":1530,"column":17},"end":{"line":1530,"column":78}},"type":"cond-expr","locations":[{"start":{"line":1530,"column":27},"end":{"line":1530,"column":70}},{"start":{"line":1530,"column":73},"end":{"line":1530,"column":78}}],"line":1530},"173":{"loc":{"start":{"line":1531,"column":18},"end":{"line":1533,"column":17}},"type":"cond-expr","locations":[{"start":{"line":1532,"column":12},"end":{"line":1532,"column":57}},{"start":{"line":1533,"column":12},"end":{"line":1533,"column":17}}],"line":1531},"174":{"loc":{"start":{"line":1535,"column":10},"end":{"line":1537,"column":51}},"type":"cond-expr","locations":[{"start":{"line":1536,"column":14},"end":{"line":1536,"column":91}},{"start":{"line":1537,"column":14},"end":{"line":1537,"column":51}}],"line":1535},"175":{"loc":{"start":{"line":1535,"column":10},"end":{"line":1535,"column":29}},"type":"binary-expr","locations":[{"start":{"line":1535,"column":10},"end":{"line":1535,"column":17}},{"start":{"line":1535,"column":21},"end":{"line":1535,"column":29}}],"line":1535}},"s":{"0":1,"1":1,"2":1,"3":1,"4":1,"5":1,"6":1,"7":1,"8":2,"9":16,"10":1,"11":1,"12":1,"13":1,"14":0,"15":0,"16":0,"17":0,"18":0,"19":0,"20":0,"21":0,"22":1,"23":0,"24":0,"25":0,"26":0,"27":0,"28":0,"29":0,"30":0,"31":0,"32":0,"33":0,"34":0,"35":0,"36":0,"37":0,"38":0,"39":0,"40":0,"41":0,"42":0,"43":0,"44":0,"45":0,"46":0,"47":0,"48":0,"49":0,"50":0,"51":0,"52":0,"53":0,"54":0,"55":1,"56":0,"57":0,"58":0,"59":0,"60":0,"61":0,"62":0,"63":0,"64":0,"65":0,"66":0,"67":0,"68":0,"69":0,"70":0,"71":0,"72":0,"73":0,"74":0,"75":0,"76":0,"77":0,"78":0,"79":0,"80":0,"81":0,"82":0,"83":0,"84":0,"85":0,"86":0,"87":0,"88":0,"89":0,"90":0,"91":0,"92":0,"93":0,"94":0,"95":0,"96":0,"97":0,"98":0,"99":0,"100":0,"101":0,"102":0,"103":0,"104":0,"105":0,"106":0,"107":0,"108":0,"109":0,"110":0,"111":0,"112":0,"113":0,"114":0,"115":0,"116":0,"117":0,"118":0,"119":0,"120":0,"121":0,"122":0,"123":0,"124":0,"125":0,"126":0,"127":0,"128":0,"129":0,"130":0,"131":0,"132":0,"133":0,"134":0,"135":0,"136":0,"137":0,"138":0,"139":0,"140":0,"141":0,"142":0,"143":0,"144":0,"145":0,"146":0,"147":0,"148":0,"149":0,"150":0,"151":0,"152":0,"153":0,"154":0,"155":0,"156":0,"157":0,"158":0,"159":0,"160":0,"161":0,"162":0,"163":0,"164":0,"165":0,"166":0,"167":0,"168":0,"169":0,"170":0,"171":0,"172":0,"173":0,"174":0,"175":0,"176":0,"177":0,"178":0,"179":0,"180":0,"181":0,"182":0,"183":1,"184":1,"185":1,"186":1,"187":1,"188":0,"189":1,"190":1,"191":1,"192":1,"193":1,"194":1,"195":1,"196":0,"197":0,"198":1,"199":1,"200":1,"201":1,"202":1,"203":0,"204":1,"205":0,"206":0,"207":1,"208":0,"209":0,"210":0,"211":0,"212":0,"213":0,"214":0,"215":0,"216":0,"217":0,"218":0,"219":0,"220":0,"221":0,"222":0,"223":0,"224":0,"225":1,"226":0,"227":0,"228":0,"229":0,"230":0,"231":0,"232":0,"233":0,"234":0,"235":0,"236":0,"237":0,"238":0,"239":0,"240":0,"241":0,"242":0,"243":0,"244":0,"245":0,"246":0,"247":0,"248":0,"249":0,"250":0,"251":0,"252":0,"253":0,"254":0,"255":0,"256":0,"257":0,"258":0,"259":0,"260":0,"261":0,"262":0,"263":0,"264":0,"265":0,"266":0,"267":0,"268":0,"269":0,"270":0,"271":0,"272":0,"273":0,"274":0,"275":0,"276":0,"277":0,"278":0,"279":1,"280":0,"281":0,"282":0,"283":0,"284":0,"285":0,"286":0,"287":0,"288":0,"289":0,"290":0,"291":0,"292":0,"293":0,"294":0,"295":0,"296":0,"297":0,"298":1,"299":0,"300":0,"301":0,"302":0,"303":0,"304":0,"305":0,"306":0,"307":0,"308":0,"309":0,"310":0,"311":0,"312":0,"313":0,"314":0,"315":0,"316":0,"317":0,"318":0,"319":0,"320":0,"321":0,"322":0,"323":0,"324":0,"325":0,"326":0,"327":0,"328":0,"329":0,"330":0,"331":0,"332":0,"333":0,"334":0,"335":0,"336":1,"337":0,"338":0,"339":0,"340":0,"341":0,"342":0,"343":0,"344":0,"345":0,"346":0,"347":1,"348":0,"349":0,"350":0,"351":0,"352":0,"353":0,"354":0,"355":0,"356":0,"357":0,"358":0,"359":0,"360":0,"361":0,"362":0,"363":0,"364":0,"365":1,"366":0,"367":0,"368":0,"369":0,"370":0,"371":0,"372":0,"373":0,"374":0,"375":0,"376":0,"377":0,"378":0,"379":0,"380":0,"381":0,"382":0,"383":0,"384":0,"385":0,"386":0,"387":0,"388":0,"389":0,"390":0,"391":0,"392":0,"393":0,"394":0,"395":0,"396":0,"397":0,"398":0,"399":0,"400":0,"401":0,"402":0,"403":0,"404":0,"405":0,"406":0,"407":0,"408":0,"409":0,"410":0,"411":0,"412":0,"413":0,"414":0,"415":0,"416":0,"417":0,"418":0,"419":0,"420":0,"421":0,"422":0,"423":0,"424":0,"425":0,"426":0,"427":0,"428":1,"429":1,"430":1,"431":1,"432":0,"433":1,"434":1,"435":0,"436":0,"437":1,"438":0,"439":0,"440":0,"441":0,"442":1,"443":0,"444":0,"445":0,"446":0,"447":1,"448":0,"449":0,"450":0,"451":0,"452":0,"453":0,"454":0,"455":0,"456":0,"457":0,"458":0,"459":0,"460":0,"461":0,"462":0,"463":0,"464":0,"465":0,"466":0,"467":0,"468":0,"469":0,"470":0,"471":0,"472":0,"473":0,"474":0,"475":0,"476":0,"477":0,"478":0,"479":0,"480":0,"481":0,"482":0,"483":0,"484":0,"485":0,"486":0,"487":0,"488":0,"489":0,"490":0,"491":0,"492":0,"493":0,"494":0,"495":0,"496":0,"497":0,"498":0,"499":0,"500":0,"501":0,"502":0,"503":0,"504":0,"505":0,"506":0,"507":0,"508":0,"509":0,"510":0,"511":0,"512":0,"513":0,"514":0,"515":0,"516":0,"517":0,"518":0,"519":0,"520":0,"521":0,"522":0,"523":0,"524":0,"525":0,"526":0,"527":0,"528":0,"529":0,"530":0,"531":0,"532":0,"533":0,"534":0,"535":0,"536":0,"537":0,"538":0,"539":0,"540":0,"541":0,"542":0,"543":0,"544":0,"545":0,"546":0,"547":0,"548":0,"549":0,"550":0,"551":0,"552":0,"553":0,"554":0,"555":0,"556":0,"557":0},"f":{"0":2,"1":16,"2":0,"3":0,"4":0,"5":0,"6":0,"7":0,"8":0,"9":0,"10":0,"11":0,"12":0,"13":0,"14":0,"15":0,"16":0,"17":0,"18":0,"19":0,"20":0,"21":0,"22":1,"23":1,"24":0,"25":0,"26":0,"27":0,"28":0,"29":0,"30":0,"31":0,"32":0,"33":0,"34":0,"35":0,"36":0,"37":0,"38":0,"39":0,"40":0,"41":0,"42":0,"43":0,"44":0,"45":0,"46":1,"47":0,"48":0,"49":0,"50":0,"51":0,"52":0,"53":0,"54":0,"55":0,"56":0,"57":0,"58":0,"59":0,"60":0,"61":0,"62":0,"63":0,"64":0,"65":0,"66":0,"67":0,"68":0},"b":{"0":[0],"1":[0],"2":[0,0],"3":[0,0],"4":[0,0],"5":[0,0],"6":[0,0],"7":[0,0],"8":[0],"9":[0,0],"10":[0,0,0],"11":[0,0],"12":[0,0],"13":[0,0],"14":[0,0],"15":[0,0],"16":[0,0,0],"17":[0,0],"18":[0,0],"19":[0,0],"20":[0,0],"21":[0,0],"22":[0,0],"23":[0,0],"24":[0],"25":[0,0],"26":[0,0],"27":[0,0],"28":[0,0],"29":[0,0],"30":[0,0],"31":[0,0,0],"32":[0,0],"33":[0,0],"34":[0,0],"35":[0,0],"36":[0,0],"37":[0,0],"38":[0,0],"39":[0,0],"40":[0,0],"41":[0,0],"42":[0,0],"43":[0,0],"44":[0,0],"45":[0,0],"46":[0,0],"47":[0,0],"48":[0,0],"49":[0,0],"50":[0,0],"51":[0,0],"52":[0,0],"53":[0,0],"54":[0,0],"55":[0,0],"56":[0,0],"57":[0,0],"58":[0,0],"59":[0,0],"60":[0,0],"61":[0,0],"62":[1],"63":[1],"64":[0,1],"65":[0,1],"66":[0,0],"67":[0,0],"68":[0,0],"69":[0,0],"70":[0],"71":[0,0],"72":[0,0],"73":[0,0],"74":[0,0],"75":[0,0,0],"76":[0,0],"77":[0,0],"78":[0,0],"79":[0,0],"80":[0,0],"81":[0,0,0],"82":[0,0],"83":[0,0],"84":[0,0],"85":[0,0],"86":[0,0],"87":[0,0],"88":[0,0],"89":[0,0],"90":[0,0,0,0],"91":[0,0],"92":[0,0],"93":[0,0],"94":[0,0],"95":[0,0],"96":[0,0],"97":[0,0],"98":[0,0,0],"99":[0,0],"100":[0,0],"101":[0,0],"102":[0,0],"103":[0,0],"104":[0,0,0,0],"105":[0,0],"106":[0,0],"107":[0,0],"108":[0,0],"109":[0,0],"110":[0,0],"111":[0,0],"112":[0,0,0,0],"113":[0,0],"114":[0,0],"115":[0,0],"116":[0,0],"117":[0,0],"118":[0,0],"119":[0,0],"120":[0,0],"121":[0,0],"122":[0,0],"123":[0,0],"124":[0,0],"125":[0,0],"126":[0,0],"127":[0,0],"128":[0,0],"129":[0,0],"130":[0,0],"131":[0,0],"132":[0,0],"133":[0,0],"134":[0,0],"135":[0,0],"136":[0,0],"137":[0,0,0],"138":[0,0],"139":[0,0],"140":[0,1],"141":[0],"142":[0,0],"143":[0,0],"144":[0,0],"145":[0,0],"146":[0,0],"147":[0,0],"148":[0,0],"149":[0,0],"150":[0,0],"151":[0,0],"152":[0,0],"153":[0,0],"154":[0,0],"155":[0,0],"156":[0,0],"157":[0,0],"158":[0,0],"159":[0,0],"160":[0,0],"161":[0,0],"162":[0,0],"163":[0,0],"164":[0,0],"165":[0,0],"166":[0,0],"167":[0,0],"168":[0,0],"169":[0,0],"170":[0,0],"171":[0,0],"172":[0,0],"173":[0,0],"174":[0,0],"175":[0,0]},"_coverageSchema":"1a1c01bbd47fc00a2c39e90264f33305004495a9","hash":"348e0b528280c6e8397bc4296a0a92b3f49dedd1"}
}
