TN:
SF:src\controllers\mealPlanController.js
FN:19,(anonymous_0)
FN:21,(anonymous_1)
FN:30,(anonymous_2)
FN:55,(anonymous_3)
FN:69,(anonymous_4)
FN:87,(anonymous_5)
FN:96,(anonymous_6)
FN:101,(anonymous_7)
FN:107,(anonymous_8)
FN:121,(anonymous_9)
FN:219,(anonymous_10)
FN:271,(anonymous_11)
FN:272,(anonymous_12)
FN:273,(anonymous_13)
FN:274,(anonymous_14)
FN:315,(anonymous_15)
FN:316,(anonymous_16)
FN:317,(anonymous_17)
FN:324,(anonymous_18)
FN:344,(anonymous_19)
FN:348,(anonymous_20)
FN:423,(anonymous_21)
FN:471,(anonymous_22)
FN:516,(anonymous_23)
FN:556,(anonymous_24)
FN:601,(anonymous_25)
FN:631,(anonymous_26)
FN:674,(anonymous_27)
FN:678,(anonymous_28)
FN:735,(anonymous_29)
FN:788,(anonymous_30)
FN:820,(anonymous_31)
FN:836,(anonymous_32)
FN:896,(anonymous_33)
FN:934,(anonymous_34)
FN:951,(anonymous_35)
FN:970,(anonymous_36)
FN:974,(anonymous_37)
FN:1012,(anonymous_38)
FN:1061,(anonymous_39)
FN:1088,(anonymous_40)
FN:1102,(anonymous_41)
FN:1131,(anonymous_42)
FN:1136,(anonymous_43)
FN:1138,(anonymous_44)
FN:1142,(anonymous_45)
FN:1213,(anonymous_46)
FN:1241,(anonymous_47)
FN:1259,(anonymous_48)
FN:1277,(anonymous_49)
FN:1303,(anonymous_50)
FN:1304,(anonymous_51)
FN:1314,(anonymous_52)
FN:1317,(anonymous_53)
FN:1324,(anonymous_54)
FN:1370,(anonymous_55)
FN:1387,(anonymous_56)
FN:1403,(anonymous_57)
FN:1409,(anonymous_58)
FN:1420,(anonymous_59)
FN:1429,(anonymous_60)
FN:1447,(anonymous_61)
FN:1461,(anonymous_62)
FN:1467,(anonymous_63)
FN:1483,(anonymous_64)
FN:1489,(anonymous_65)
FN:1493,(anonymous_66)
FN:1502,(anonymous_67)
FN:1512,(anonymous_68)
FNF:69
FNH:30
FNDA:8,(anonymous_0)
FNDA:64,(anonymous_1)
FNDA:4,(anonymous_2)
FNDA:0,(anonymous_3)
FNDA:0,(anonymous_4)
FNDA:0,(anonymous_5)
FNDA:0,(anonymous_6)
FNDA:0,(anonymous_7)
FNDA:0,(anonymous_8)
FNDA:1,(anonymous_9)
FNDA:7,(anonymous_10)
FNDA:2,(anonymous_11)
FNDA:2,(anonymous_12)
FNDA:2,(anonymous_13)
FNDA:2,(anonymous_14)
FNDA:32,(anonymous_15)
FNDA:47,(anonymous_16)
FNDA:13,(anonymous_17)
FNDA:7,(anonymous_18)
FNDA:13,(anonymous_19)
FNDA:19,(anonymous_20)
FNDA:7,(anonymous_21)
FNDA:1,(anonymous_22)
FNDA:2,(anonymous_23)
FNDA:0,(anonymous_24)
FNDA:1,(anonymous_25)
FNDA:0,(anonymous_26)
FNDA:0,(anonymous_27)
FNDA:0,(anonymous_28)
FNDA:0,(anonymous_29)
FNDA:0,(anonymous_30)
FNDA:0,(anonymous_31)
FNDA:0,(anonymous_32)
FNDA:2,(anonymous_33)
FNDA:1,(anonymous_34)
FNDA:1,(anonymous_35)
FNDA:0,(anonymous_36)
FNDA:3,(anonymous_37)
FNDA:1,(anonymous_38)
FNDA:3,(anonymous_39)
FNDA:1,(anonymous_40)
FNDA:0,(anonymous_41)
FNDA:1,(anonymous_42)
FNDA:4,(anonymous_43)
FNDA:4,(anonymous_44)
FNDA:0,(anonymous_45)
FNDA:1,(anonymous_46)
FNDA:0,(anonymous_47)
FNDA:0,(anonymous_48)
FNDA:0,(anonymous_49)
FNDA:0,(anonymous_50)
FNDA:0,(anonymous_51)
FNDA:0,(anonymous_52)
FNDA:0,(anonymous_53)
FNDA:0,(anonymous_54)
FNDA:0,(anonymous_55)
FNDA:0,(anonymous_56)
FNDA:0,(anonymous_57)
FNDA:0,(anonymous_58)
FNDA:0,(anonymous_59)
FNDA:0,(anonymous_60)
FNDA:0,(anonymous_61)
FNDA:0,(anonymous_62)
FNDA:0,(anonymous_63)
FNDA:0,(anonymous_64)
FNDA:0,(anonymous_65)
FNDA:0,(anonymous_66)
FNDA:0,(anonymous_67)
FNDA:0,(anonymous_68)
DA:1,2
DA:2,2
DA:3,2
DA:4,2
DA:5,2
DA:6,2
DA:8,2
DA:19,2
DA:20,8
DA:21,64
DA:26,2
DA:27,2
DA:28,2
DA:30,2
DA:36,4
DA:37,0
DA:38,0
DA:40,0
DA:43,4
DA:44,0
DA:49,4
DA:52,4
DA:55,2
DA:56,0
DA:57,0
DA:61,0
DA:62,0
DA:68,0
DA:69,0
DA:70,0
DA:72,0
DA:75,0
DA:76,0
DA:84,0
DA:85,0
DA:86,0
DA:87,0
DA:89,0
DA:90,0
DA:91,0
DA:92,0
DA:95,0
DA:96,0
DA:98,0
DA:101,0
DA:102,0
DA:103,0
DA:104,0
DA:107,0
DA:108,0
DA:109,0
DA:112,0
DA:113,0
DA:115,0
DA:121,2
DA:122,1
DA:123,1
DA:124,1
DA:126,1
DA:127,0
DA:133,1
DA:138,1
DA:139,0
DA:146,1
DA:151,1
DA:152,1
DA:153,1
DA:154,1
DA:155,1
DA:158,1
DA:160,1
DA:161,1
DA:162,1
DA:163,1
DA:166,1
DA:189,1
DA:194,0
DA:197,0
DA:207,1
DA:214,1
DA:215,1
DA:216,1
DA:217,1
DA:219,1
DA:220,7
DA:221,0
DA:224,7
DA:225,7
DA:227,7
DA:228,13
DA:229,13
DA:236,7
DA:239,1
DA:241,1
DA:242,1
DA:248,1
DA:255,1
DA:256,1
DA:262,1
DA:269,1
DA:271,2
DA:272,2
DA:273,2
DA:274,2
DA:277,1
DA:278,1
DA:282,7
DA:283,7
DA:288,7
DA:289,7
DA:290,7
DA:291,7
DA:294,7
DA:295,7
DA:296,7
DA:297,7
DA:299,7
DA:303,7
DA:304,7
DA:309,7
DA:310,7
DA:311,7
DA:314,7
DA:315,7
DA:316,47
DA:317,7
DA:318,13
DA:319,13
DA:320,13
DA:323,7
DA:324,7
DA:326,7
DA:327,7
DA:328,0
DA:329,0
DA:334,0
DA:339,0
DA:343,7
DA:344,7
DA:345,13
DA:349,19
DA:350,19
DA:351,19
DA:353,7
DA:354,7
DA:355,7
DA:356,6
DA:357,0
DA:358,6
DA:359,0
DA:360,6
DA:361,0
DA:362,6
DA:363,6
DA:365,0
DA:367,6
DA:368,6
DA:370,7
DA:371,7
DA:372,0
DA:373,0
DA:378,0
DA:379,0
DA:380,0
DA:381,0
DA:382,0
DA:383,0
DA:385,0
DA:387,0
DA:388,0
DA:391,7
DA:418,7
DA:422,1
DA:423,7
DA:427,1
DA:450,1
DA:454,1
DA:459,0
DA:460,0
DA:471,2
DA:472,1
DA:473,1
DA:475,1
DA:476,1
DA:477,0
DA:480,1
DA:481,1
DA:482,1
DA:484,1
DA:489,1
DA:491,1
DA:493,1
DA:504,0
DA:505,0
DA:516,2
DA:517,2
DA:518,2
DA:523,2
DA:525,2
DA:526,1
DA:539,1
DA:544,0
DA:545,0
DA:556,2
DA:557,0
DA:558,0
DA:563,0
DA:564,0
DA:571,0
DA:573,0
DA:574,0
DA:575,0
DA:577,0
DA:578,0
DA:580,0
DA:584,0
DA:589,0
DA:590,0
DA:601,2
DA:602,1
DA:603,1
DA:605,1
DA:610,1
DA:611,0
DA:617,1
DA:618,1
DA:619,1
DA:620,1
DA:621,1
DA:626,0
DA:627,0
DA:628,0
DA:629,0
DA:630,0
DA:632,0
DA:633,0
DA:634,0
DA:636,0
DA:637,0
DA:643,0
DA:649,0
DA:650,0
DA:655,0
DA:660,0
DA:661,0
DA:662,0
DA:663,0
DA:664,0
DA:666,0
DA:673,0
DA:674,0
DA:675,0
DA:676,0
DA:677,0
DA:678,0
DA:679,0
DA:683,0
DA:684,0
DA:690,0
DA:695,0
DA:696,0
DA:698,0
DA:711,0
DA:712,0
DA:714,0
DA:718,0
DA:723,0
DA:724,0
DA:735,2
DA:736,0
DA:737,0
DA:742,0
DA:743,0
DA:749,0
DA:750,0
DA:756,0
DA:757,0
DA:758,0
DA:760,0
DA:761,0
DA:762,0
DA:763,0
DA:765,0
DA:767,0
DA:771,0
DA:776,0
DA:777,0
DA:788,2
DA:789,0
DA:790,0
DA:791,0
DA:796,0
DA:798,0
DA:799,0
DA:805,0
DA:807,0
DA:808,0
DA:809,0
DA:810,0
DA:815,0
DA:816,0
DA:817,0
DA:818,0
DA:819,0
DA:821,0
DA:822,0
DA:823,0
DA:826,0
DA:827,0
DA:833,0
DA:834,0
DA:835,0
DA:837,0
DA:838,0
DA:839,0
DA:843,0
DA:844,0
DA:851,0
DA:856,0
DA:859,0
DA:860,0
DA:862,0
DA:872,0
DA:884,0
DA:885,0
DA:896,2
DA:897,2
DA:898,2
DA:899,2
DA:901,2
DA:908,2
DA:910,2
DA:911,1
DA:917,1
DA:922,0
DA:923,0
DA:934,2
DA:935,1
DA:936,1
DA:941,1
DA:943,1
DA:944,0
DA:951,1
DA:952,1
DA:963,1
DA:970,0
DA:974,3
DA:977,1
DA:978,1
DA:980,1
DA:988,1
DA:990,1
DA:999,0
DA:1000,0
DA:1012,2
DA:1013,1
DA:1014,1
DA:1015,1
DA:1017,1
DA:1018,0
DA:1021,1
DA:1022,0
DA:1029,1
DA:1030,1
DA:1032,1
DA:1053,1
DA:1054,0
DA:1061,1
DA:1062,3
DA:1063,0
DA:1066,3
DA:1067,0
DA:1074,3
DA:1075,0
DA:1078,3
DA:1087,1
DA:1088,1
DA:1089,1
DA:1090,0
DA:1093,1
DA:1097,1
DA:1098,0
DA:1101,1
DA:1102,0
DA:1105,1
DA:1122,0
DA:1125,1
DA:1126,1
DA:1127,1
DA:1130,1
DA:1131,1
DA:1132,1
DA:1133,1
DA:1136,1
DA:1137,4
DA:1138,4
DA:1139,4
DA:1141,4
DA:1142,1
DA:1143,0
DA:1144,0
DA:1148,3
DA:1149,3
DA:1150,3
DA:1154,4
DA:1157,1
DA:1158,1
DA:1159,1
DA:1160,1
DA:1161,1
DA:1170,1
DA:1194,1
DA:1198,1
DA:1200,0
DA:1201,0
DA:1213,2
DA:1214,1
DA:1215,1
DA:1220,1
DA:1221,0
DA:1224,1
DA:1226,1
DA:1228,0
DA:1229,0
DA:1241,2
DA:1242,0
DA:1244,0
DA:1246,0
DA:1247,0
DA:1259,2
DA:1260,0
DA:1262,0
DA:1264,0
DA:1265,0
DA:1277,2
DA:1278,0
DA:1279,0
DA:1280,0
DA:1283,0
DA:1284,0
DA:1285,0
DA:1288,0
DA:1294,0
DA:1295,0
DA:1302,0
DA:1303,0
DA:1304,0
DA:1305,0
DA:1314,0
DA:1317,0
DA:1318,0
DA:1319,0
DA:1321,0
DA:1322,0
DA:1323,0
DA:1324,0
DA:1325,0
DA:1329,0
DA:1331,0
DA:1341,0
DA:1342,0
DA:1343,0
DA:1346,0
DA:1347,0
DA:1348,0
DA:1349,0
DA:1350,0
DA:1353,0
DA:1354,0
DA:1355,0
DA:1356,0
DA:1358,0
DA:1360,0
DA:1361,0
DA:1363,0
DA:1369,0
DA:1370,0
DA:1371,0
DA:1372,0
DA:1373,0
DA:1375,0
DA:1380,0
DA:1387,0
DA:1389,0
DA:1390,0
DA:1393,0
DA:1394,0
DA:1397,0
DA:1398,0
DA:1401,0
DA:1402,0
DA:1403,0
DA:1404,0
DA:1409,0
DA:1410,0
DA:1411,0
DA:1416,0
DA:1417,0
DA:1418,0
DA:1420,0
DA:1421,0
DA:1422,0
DA:1425,0
DA:1426,0
DA:1429,0
DA:1431,0
DA:1438,0
DA:1439,0
DA:1441,0
DA:1445,0
DA:1447,0
DA:1449,0
DA:1459,0
DA:1461,0
DA:1467,0
DA:1468,0
DA:1469,0
DA:1470,0
DA:1473,0
DA:1482,0
DA:1483,0
DA:1489,0
DA:1492,0
DA:1493,0
DA:1495,0
DA:1496,0
DA:1500,0
DA:1502,0
DA:1507,0
DA:1512,0
DA:1542,0
DA:1544,0
DA:1545,0
LF:533
LH:229
BRDA:33,0,0,0
BRDA:34,1,0,0
BRDA:36,2,0,0
BRDA:36,2,1,4
BRDA:36,3,0,4
BRDA:36,3,1,4
BRDA:37,4,0,0
BRDA:37,4,1,0
BRDA:43,5,0,0
BRDA:43,5,1,4
BRDA:43,6,0,4
BRDA:43,6,1,0
BRDA:49,7,0,4
BRDA:49,7,1,0
BRDA:55,8,0,0
BRDA:56,9,0,0
BRDA:56,9,1,0
BRDA:61,10,0,0
BRDA:61,10,1,0
BRDA:61,10,2,0
BRDA:64,11,0,0
BRDA:64,11,1,0
BRDA:70,12,0,0
BRDA:70,12,1,0
BRDA:70,13,0,0
BRDA:70,13,1,0
BRDA:72,14,0,0
BRDA:72,14,1,0
BRDA:72,15,0,0
BRDA:72,15,1,0
BRDA:73,16,0,0
BRDA:73,16,1,0
BRDA:73,16,2,0
BRDA:75,17,0,0
BRDA:75,17,1,0
BRDA:78,18,0,0
BRDA:78,18,1,0
BRDA:87,19,0,0
BRDA:87,19,1,0
BRDA:89,20,0,0
BRDA:89,20,1,0
BRDA:102,21,0,0
BRDA:102,21,1,0
BRDA:108,22,0,0
BRDA:108,22,1,0
BRDA:109,23,0,0
BRDA:109,23,1,0
BRDA:123,24,0,0
BRDA:126,25,0,0
BRDA:126,25,1,1
BRDA:138,26,0,0
BRDA:138,26,1,1
BRDA:148,27,0,1
BRDA:148,27,1,0
BRDA:151,28,0,1
BRDA:151,28,1,0
BRDA:152,29,0,1
BRDA:152,29,1,0
BRDA:189,30,0,0
BRDA:189,30,1,1
BRDA:190,31,0,1
BRDA:190,31,1,1
BRDA:190,31,2,1
BRDA:220,32,0,0
BRDA:220,32,1,7
BRDA:220,33,0,7
BRDA:220,33,1,7
BRDA:224,34,0,6
BRDA:224,34,1,1
BRDA:224,35,0,7
BRDA:224,35,1,7
BRDA:255,36,0,1
BRDA:255,36,1,0
BRDA:279,37,0,8
BRDA:279,37,1,7
BRDA:301,38,0,7
BRDA:301,38,1,0
BRDA:303,39,0,7
BRDA:303,39,1,0
BRDA:306,40,0,7
BRDA:306,40,1,0
BRDA:319,41,0,13
BRDA:319,41,1,0
BRDA:320,42,0,13
BRDA:320,42,1,0
BRDA:324,43,0,7
BRDA:324,43,1,0
BRDA:324,44,0,7
BRDA:324,44,1,0
BRDA:327,45,0,7
BRDA:327,45,1,0
BRDA:328,46,0,0
BRDA:328,46,1,0
BRDA:336,47,0,0
BRDA:336,47,1,0
BRDA:350,48,0,19
BRDA:350,48,1,0
BRDA:351,49,0,19
BRDA:351,49,1,0
BRDA:355,50,0,13
BRDA:355,50,1,6
BRDA:356,51,0,0
BRDA:356,51,1,6
BRDA:358,52,0,0
BRDA:358,52,1,6
BRDA:360,53,0,0
BRDA:360,53,1,6
BRDA:362,54,0,6
BRDA:362,54,1,0
BRDA:371,55,0,7
BRDA:371,55,1,0
BRDA:372,56,0,0
BRDA:372,56,1,0
BRDA:372,57,0,0
BRDA:372,57,1,0
BRDA:378,58,0,0
BRDA:378,58,1,0
BRDA:380,59,0,0
BRDA:380,59,1,0
BRDA:382,60,0,0
BRDA:382,60,1,0
BRDA:444,61,0,1
BRDA:444,61,1,0
BRDA:473,62,0,0
BRDA:473,63,0,0
BRDA:476,64,0,0
BRDA:476,64,1,1
BRDA:525,65,0,1
BRDA:525,65,1,1
BRDA:563,66,0,0
BRDA:563,66,1,0
BRDA:573,67,0,0
BRDA:573,67,1,0
BRDA:574,68,0,0
BRDA:574,68,1,0
BRDA:575,69,0,0
BRDA:575,69,1,0
BRDA:603,70,0,0
BRDA:610,71,0,0
BRDA:610,71,1,1
BRDA:618,72,0,1
BRDA:618,72,1,0
BRDA:618,73,0,1
BRDA:618,73,1,1
BRDA:620,74,0,1
BRDA:620,74,1,0
BRDA:620,75,0,1
BRDA:620,75,1,1
BRDA:620,75,2,1
BRDA:627,76,0,0
BRDA:627,76,1,0
BRDA:631,77,0,0
BRDA:631,77,1,0
BRDA:636,78,0,0
BRDA:636,78,1,0
BRDA:649,79,0,0
BRDA:649,79,1,0
BRDA:650,80,0,0
BRDA:650,80,1,0
BRDA:651,81,0,0
BRDA:651,81,1,0
BRDA:651,81,2,0
BRDA:661,82,0,0
BRDA:661,82,1,0
BRDA:662,83,0,0
BRDA:662,83,1,0
BRDA:664,84,0,0
BRDA:664,84,1,0
BRDA:675,85,0,0
BRDA:675,85,1,0
BRDA:676,86,0,0
BRDA:676,86,1,0
BRDA:677,87,0,0
BRDA:677,87,1,0
BRDA:679,88,0,0
BRDA:679,88,1,0
BRDA:685,89,0,0
BRDA:685,89,1,0
BRDA:690,90,0,0
BRDA:690,90,1,0
BRDA:690,90,2,0
BRDA:690,90,3,0
BRDA:696,91,0,0
BRDA:696,91,1,0
BRDA:703,92,0,0
BRDA:703,92,1,0
BRDA:742,93,0,0
BRDA:742,93,1,0
BRDA:749,94,0,0
BRDA:749,94,1,0
BRDA:798,95,0,0
BRDA:798,95,1,0
BRDA:807,96,0,0
BRDA:807,96,1,0
BRDA:809,97,0,0
BRDA:809,97,1,0
BRDA:809,98,0,0
BRDA:809,98,1,0
BRDA:809,98,2,0
BRDA:816,99,0,0
BRDA:816,99,1,0
BRDA:820,100,0,0
BRDA:820,100,1,0
BRDA:826,101,0,0
BRDA:826,101,1,0
BRDA:836,102,0,0
BRDA:836,102,1,0
BRDA:843,103,0,0
BRDA:843,103,1,0
BRDA:851,104,0,0
BRDA:851,104,1,0
BRDA:851,104,2,0
BRDA:851,104,3,0
BRDA:859,105,0,0
BRDA:859,105,1,0
BRDA:860,106,0,0
BRDA:860,106,1,0
BRDA:867,107,0,0
BRDA:867,107,1,0
BRDA:910,108,0,1
BRDA:910,108,1,1
BRDA:943,109,0,0
BRDA:943,109,1,1
BRDA:1017,110,0,0
BRDA:1017,110,1,1
BRDA:1021,111,0,0
BRDA:1021,111,1,1
BRDA:1021,112,0,1
BRDA:1021,112,1,1
BRDA:1021,112,2,1
BRDA:1021,112,3,1
BRDA:1034,113,0,1
BRDA:1034,113,1,0
BRDA:1038,114,0,0
BRDA:1038,114,1,1
BRDA:1038,115,0,1
BRDA:1038,115,1,0
BRDA:1043,116,0,0
BRDA:1043,116,1,1
BRDA:1043,117,0,1
BRDA:1043,117,1,0
BRDA:1048,118,0,0
BRDA:1048,118,1,1
BRDA:1048,119,0,1
BRDA:1048,119,1,0
BRDA:1053,120,0,0
BRDA:1053,120,1,1
BRDA:1062,121,0,0
BRDA:1062,121,1,3
BRDA:1066,122,0,0
BRDA:1066,122,1,3
BRDA:1074,123,0,0
BRDA:1074,123,1,3
BRDA:1080,124,0,3
BRDA:1080,124,1,3
BRDA:1081,125,0,3
BRDA:1081,125,1,3
BRDA:1089,126,0,0
BRDA:1089,126,1,1
BRDA:1093,127,0,1
BRDA:1093,127,1,0
BRDA:1097,128,0,0
BRDA:1097,128,1,1
BRDA:1101,129,0,1
BRDA:1101,129,1,0
BRDA:1139,130,0,0
BRDA:1139,130,1,4
BRDA:1139,131,0,4
BRDA:1139,131,1,4
BRDA:1141,132,0,1
BRDA:1141,132,1,3
BRDA:1142,133,0,1
BRDA:1142,133,1,0
BRDA:1143,134,0,0
BRDA:1143,134,1,0
BRDA:1143,135,0,0
BRDA:1143,135,1,0
BRDA:1149,136,0,3
BRDA:1149,136,1,0
BRDA:1149,137,0,3
BRDA:1149,137,1,3
BRDA:1149,137,2,3
BRDA:1172,138,0,1
BRDA:1172,138,1,1
BRDA:1188,139,0,1
BRDA:1188,139,1,0
BRDA:1220,140,0,0
BRDA:1220,140,1,1
BRDA:1279,141,0,0
BRDA:1294,142,0,0
BRDA:1294,142,1,0
BRDA:1318,143,0,0
BRDA:1318,143,1,0
BRDA:1321,144,0,0
BRDA:1321,144,1,0
BRDA:1322,145,0,0
BRDA:1322,145,1,0
BRDA:1323,146,0,0
BRDA:1323,146,1,0
BRDA:1324,147,0,0
BRDA:1324,147,1,0
BRDA:1325,148,0,0
BRDA:1325,148,1,0
BRDA:1329,149,0,0
BRDA:1329,149,1,0
BRDA:1353,150,0,0
BRDA:1353,150,1,0
BRDA:1354,151,0,0
BRDA:1354,151,1,0
BRDA:1355,152,0,0
BRDA:1355,152,1,0
BRDA:1360,153,0,0
BRDA:1360,153,1,0
BRDA:1371,154,0,0
BRDA:1371,154,1,0
BRDA:1390,155,0,0
BRDA:1390,155,1,0
BRDA:1394,156,0,0
BRDA:1394,156,1,0
BRDA:1398,157,0,0
BRDA:1398,157,1,0
BRDA:1401,158,0,0
BRDA:1401,158,1,0
BRDA:1403,159,0,0
BRDA:1403,159,1,0
BRDA:1404,160,0,0
BRDA:1404,160,1,0
BRDA:1412,161,0,0
BRDA:1412,161,1,0
BRDA:1425,162,0,0
BRDA:1425,162,1,0
BRDA:1425,163,0,0
BRDA:1425,163,1,0
BRDA:1426,164,0,0
BRDA:1426,164,1,0
BRDA:1445,165,0,0
BRDA:1445,165,1,0
BRDA:1445,166,0,0
BRDA:1445,166,1,0
BRDA:1486,167,0,0
BRDA:1486,167,1,0
BRDA:1495,168,0,0
BRDA:1495,168,1,0
BRDA:1496,169,0,0
BRDA:1496,169,1,0
BRDA:1500,170,0,0
BRDA:1500,170,1,0
BRDA:1522,171,0,0
BRDA:1522,171,1,0
BRDA:1530,172,0,0
BRDA:1530,172,1,0
BRDA:1531,173,0,0
BRDA:1531,173,1,0
BRDA:1535,174,0,0
BRDA:1535,174,1,0
BRDA:1535,175,0,0
BRDA:1535,175,1,0
BRF:357
BRH:96
end_of_record
